Demo
video file: data/test.mp4
----2
0,2
----6
1,6
----6
2,6
----7
3,7
----6
4,6
----2
5,2
----1
6,1
[2J[1;1H
FPS:7626.0
Objects:

----2
7,4
----6
8,12
----6
9,12
----7
10,14
----6
11,12
----2
12,4
----1
13,2
[2J[1;1H
FPS:1.1
Objects:

----2
14,6
----6
15,18
----6
16,18
----7
17,21
----6
18,18
----2
19,6
----1
20,3
[2J[1;1H
FPS:1.6
Objects:

li: 100%
----2
21,8
----6
22,24
----6
23,24
----7
24,28
----6
25,24
----2
26,8
----1
27,4
[2J[1;1H
FPS:1.3
Objects:

li: 100%
----1
28,9
----6
29,30
----6
30,30
----7
31,35
----6
32,30
----2
33,10
----1
34,5
[2J[1;1H
FPS:1.6
Objects:

li: 100%
----2
35,11
----6
36,36
----6
37,36
----7
38,42
----6
39,36
----2
40,12
----1
41,6
[2J[1;1H
FPS:1.6
Objects:

li: 100%
----1
42,12
----6
43,42
----6
44,42
----7
45,49
----6
46,42
----2
47,14
----1
48,7
[2J[1;1H
FPS:1.6
Objects:

li: 100%
----2
49,14
----6
50,48
----6
51,48
----7
52,56
----6
53,48
----2
54,16
----1
55,8
[2J[1;1H
FPS:1.5
Objects:

li: 100%
----1
56,15
----6
57,54
----6
58,54
----7
59,63
----5
60,53
----2
61,18
----1
62,9
[2J[1;1H
FPS:1.4
Objects:

li: 100%
----1
63,16
----6
64,60
----6
65,60
----7
66,70
----5
67,58
----2
68,20
----1
69,10
[2J[1;1H
FPS:1.3
Objects:

li: 100%
----2
70,18
----5
71,65
----6
72,66
----7
73,77
----5
74,63
----2
75,22
----1
76,11
[2J[1;1H
FPS:1.4
Objects:

li: 100%
----2
77,20
----6
78,71
----6
79,72
----7
80,84
----5
81,68
----2
82,24
----1
83,12
[2J[1;1H
FPS:1.6
Objects:

li: 100%
----2
84,22
----5
85,76
----6
86,78
----7
87,91
----5
88,73
----2
89,26
----1
90,13
[2J[1;1H
FPS:1.6
Objects:

li: 100%
----1
91,23
----5
92,81
----6
93,84
----7
94,98
----5
95,78
----2
96,28
----1
97,14
[2J[1;1H
FPS:1.5
Objects:

li: 100%
----2
98,25
----5
99,86
----6
100,90
----7
101,105
----5
102,83
----2
103,30
----1
104,15
[2J[1;1H
FPS:1.5
Objects:

li: 100%
----2
105,27
----6
106,92
----6
107,96
----7
108,112
----5
109,88
----2
110,32
----1
111,16
[2J[1;1H
FPS:1.5
Objects:

li: 100%
----1
112,28
----5
113,97
----6
114,102
----7
115,119
----5
116,93
----2
117,34
----1
118,17
[2J[1;1H
FPS:1.6
Objects:

li: 100%
----1
119,29
----6
120,103
----6
121,108
----7
122,126
----5
123,98
----2
124,36
----1
125,18
[2J[1;1H
FPS:1.6
Objects:

li: 100%
----1
126,30
----5
127,108
----6
128,114
----7
129,133
----5
130,103
----2
131,38
----1
132,19
[2J[1;1H
FPS:1.6
Objects:

li: 100%
----1
133,31
----6
134,114
----6
135,120
----7
136,140
----5
137,108
----2
138,40
----1
139,20
[2J[1;1H
FPS:1.6
Objects:

li: 100%
----1
140,32
----6
141,120
----6
142,126
----7
143,147
----5
144,113
----2
145,42
----1
146,21
[2J[1;1H
FPS:1.5
Objects:

li: 100%
----1
147,33
----5
148,125
----6
149,132
----7
150,154
----5
151,118
----2
152,44
----1
153,22
[2J[1;1H
FPS:1.5
Objects:

li: 100%
----1
154,34
----5
155,130
----6
156,138
----7
157,161
----5
158,123
----2
159,46
----1
160,23
[2J[1;1H
FPS:1.4
Objects:

li: 100%
----1
161,35
----5
162,135
----6
163,144
----7
164,168
----5
165,128
----2
166,48
----1
167,24
[2J[1;1H
FPS:1.5
Objects:

li: 100%
----1
168,36
----5
169,140
----6
170,150
----7
171,175
----5
172,133
----2
173,50
----1
174,25
[2J[1;1H
FPS:1.6
Objects:

li: 100%
----1
175,37
----6
176,146
----6
177,156
----7
178,182
----5
179,138
----2
180,52
----1
181,26
[2J[1;1H
FPS:1.6
Objects:

li: 100%
----1
182,38
----6
183,152
----6
184,162
----7
185,189
----5
186,143
----2
187,54
----1
188,27
[2J[1;1H
FPS:1.5
Objects:

li: 100%
----1
189,39
----6
190,158
----6
191,168
----7
192,196
----5
193,148
----2
194,56
----1
195,28
[2J[1;1H
FPS:1.7
Objects:

li: 100%
----1
196,40
----6
197,164
----6
198,174
----7
199,203
----5
200,153
----2
201,58
----1
202,29
[2J[1;1H
FPS:1.5
Objects:

li: 100%
----1
203,41
----6
204,170
----6
205,180
----7
206,210
----5
207,158
----2
208,60
----1
209,30
[2J[1;1H
FPS:1.7
Objects:

li: 100%
----1
210,42
----6
211,176
----6
212,186
----7
213,217
----5
214,163
----2
215,62
----1
216,31
[2J[1;1H
FPS:1.5
Objects:

li: 100%
----1
217,43
----6
218,182
----6
219,192
----7
220,224
----5
221,168
----2
222,64
----1
223,32
[2J[1;1H
FPS:1.5
Objects:

li: 100%
----1
224,44
----5
225,187
----6
226,198
----7
227,231
----5
228,173
----2
229,66
----1
230,33
[2J[1;1H
FPS:1.6
Objects:

li: 100%
----2
231,46
----5
232,192
----6
233,204
----7
234,238
----5
235,178
----2
236,68
----1
237,34
[2J[1;1H
FPS:1.5
Objects:

li: 100%
----1
238,47
----5
239,197
----6
240,210
----7
241,245
----5
242,183
----2
243,70
----1
244,35
[2J[1;1H
FPS:1.6
Objects:

li: 100%
----1
245,48
----5
246,202
----6
247,216
----7
248,252
----5
249,188
----2
250,72
----1
251,36
[2J[1;1H
FPS:1.5
Objects:

li: 100%
----1
252,49
----5
253,207
----6
254,222
----7
255,259
----5
256,193
----2
257,74
----1
258,37
[2J[1;1H
FPS:1.6
Objects:

li: 100%
----1
259,50
----5
260,212
----6
261,228
----7
262,266
----5
263,198
----2
264,76
----1
265,38
[2J[1;1H
FPS:1.4
Objects:

li: 100%
----2
266,52
----5
267,217
----6
268,234
----7
269,273
----5
270,203
----2
271,78
----1
272,39
[2J[1;1H
FPS:1.2
Objects:

li: 100%
----1
273,53
----6
274,223
----6
275,240
----7
276,280
----5
277,208
----2
278,80
----1
279,40
[2J[1;1H
FPS:1.1
Objects:

li: 100%
----1
280,54
----5
281,228
----6
282,246
----7
283,287
----5
284,213
----2
285,82
----1
286,41
[2J[1;1H
FPS:0.8
Objects:

li: 100%
----2
287,56
----5
288,233
----6
289,252
----7
290,294
----5
291,218
----2
292,84
----1
293,42
[2J[1;1H
FPS:1.0
Objects:

li: 100%
----2
294,58
----5
295,238
----6
296,258
----7
297,301
----5
298,223
----2
299,86
----1
300,43
[2J[1;1H
FPS:0.9
Objects:

li: 100%
----2
301,60
----5
302,243
----6
303,264
----7
304,308
----5
305,228
----2
306,88
----1
307,44
[2J[1;1H
FPS:1.4
Objects:

li: 100%
----1
308,61
----5
309,248
----6
310,270
----7
311,315
----5
312,233
----2
313,90
----1
314,45
[2J[1;1H
FPS:1.5
Objects:

li: 100%
----1
315,62
----5
316,253
----6
317,276
----7
318,322
----6
319,239
----2
320,92
----1
321,46
[2J[1;1H
FPS:1.7
Objects:

li: 100%
----2
322,64
----5
323,258
----6
324,282
----7
325,329
----5
326,244
----2
327,94
----1
328,47
[2J[1;1H
FPS:1.6
Objects:

li: 100%
----1
329,65
----5
330,263
----6
331,288
----7
332,336
----6
333,250
----2
334,96
----1
335,48
[2J[1;1H
FPS:1.6
Objects:

li: 100%
----2
336,67
----6
337,269
----6
338,294
----7
339,343
----6
340,256
----2
341,98
----1
342,49
[2J[1;1H
FPS:1.1
Objects:

li: 100%
----2
343,69
----6
344,275
----6
345,300
----7
346,350
----6
347,262
----2
348,100
----1
349,50
[2J[1;1H
FPS:0.8
Objects:

li: 100%
----1
350,70
----5
351,280
----6
352,306
----7
353,357
----6
354,268
----2
355,102
----1
356,51
[2J[1;1H
FPS:1.2
Objects:

li: 100%
----1
357,71
----6
358,286
----6
359,312
----7
360,364
----6
361,274
----2
362,104
----1
363,52
[2J[1;1H
FPS:1.1
Objects:

li: 100%
----1
364,72
----6
365,292
----6
366,318
----7
367,371
----6
368,280
----2
369,106
----2
370,54
[2J[1;1H
FPS:0.9
Objects:

li: 100%
----1
371,73
----6
372,298
----6
373,324
----7
374,378
----6
375,286
----2
376,108
----2
377,56
[2J[1;1H
FPS:1.3
Objects:

li: 100%
----2
378,75
----6
379,304
----6
380,330
----7
381,385
----6
382,292
----2
383,110
----2
384,58
[2J[1;1H
FPS:1.2
Objects:

li: 100%
----1
385,76
----6
386,310
----6
387,336
----7
388,392
----6
389,298
----2
390,112
----1
391,59
[2J[1;1H
FPS:1.3
Objects:

li: 100%
----2
392,78
----6
393,316
----6
394,342
----7
395,399
----6
396,304
----2
397,114
----1
398,60
[2J[1;1H
FPS:1.3
Objects:

li: 100%
----2
399,80
----6
400,322
----6
401,348
----7
402,406
----6
403,310
----2
404,116
----1
405,61
[2J[1;1H
FPS:1.1
Objects:

li: 100%
----2
406,82
----6
407,328
----6
408,354
----7
409,413
----6
410,316
----2
411,118
----1
412,62
[2J[1;1H
FPS:0.8
Objects:

li: 100%
----2
413,84
----6
414,334
----6
415,360
----7
416,420
----6
417,322
----2
418,120
----1
419,63
[2J[1;1H
FPS:1.1
Objects:

li: 100%
----2
420,86
----6
421,340
----6
422,366
----7
423,427
----6
424,328
----2
425,122
----1
426,64
[2J[1;1H
FPS:1.2
Objects:

li: 100%
----2
427,88
----6
428,346
----6
429,372
----7
430,434
----5
431,333
----2
432,124
----1
433,65
[2J[1;1H
FPS:1.5
Objects:

li: 100%
----2
434,90
----6
435,352
----6
436,378
----7
437,441
----5
438,338
----2
439,126
----1
440,66
[2J[1;1H
FPS:1.5
Objects:

li: 100%
----2
441,92
----6
442,358
----6
443,384
----7
444,448
----5
445,343
----2
446,128
----1
447,67
[2J[1;1H
FPS:1.5
Objects:

li: 100%
----2
448,94
----5
449,363
----6
450,390
----7
451,455
----5
452,348
----2
453,130
----1
454,68
[2J[1;1H
FPS:0.9
Objects:

li: 100%
----2
455,96
----5
456,368
----6
457,396
----7
458,462
----5
459,353
----2
460,132
----1
461,69
[2J[1;1H
FPS:1.5
Objects:

li: 100%
----2
462,98
----6
463,374
----6
464,402
----7
465,469
----5
466,358
----2
467,134
----1
468,70
[2J[1;1H
FPS:1.5
Objects:

li: 100%
----2
469,100
----6
470,380
----6
471,408
----7
472,476
----5
473,363
----2
474,136
----1
475,71
[2J[1;1H
FPS:0.9
Objects:

li: 100%
----2
476,102
----6
477,386
----6
478,414
----7
479,483
----5
480,368
----2
481,138
----1
482,72
[2J[1;1H
FPS:1.5
Objects:

li: 100%
----2
483,104
----6
484,392
----6
485,420
----7
486,490
----5
487,373
----2
488,140
----1
489,73
[2J[1;1H
FPS:1.4
Objects:

li: 100%
----2
490,106
----6
491,398
----6
492,426
----7
493,497
----6
494,379
----2
495,142
----1
496,74
[2J[1;1H
FPS:0.9
Objects:

li: 100%
----2
497,108
----6
498,404
----6
499,432
----7
500,504
----6
501,385
----2
502,144
----1
503,75
[2J[1;1H
FPS:1.2
Objects:

li: 100%
----2
504,110
----6
505,410
----6
506,438
----7
507,511
----6
508,391
----2
509,146
----1
510,76
[2J[1;1H
FPS:1.3
Objects:

li: 100%
----2
511,112
----6
512,416
----6
513,444
----7
514,518
----6
515,397
----2
516,148
----1
517,77
[2J[1;1H
FPS:1.0
Objects:

li: 100%
----2
518,114
----6
519,422
----6
520,450
----7
521,525
----6
522,403
----2
523,150
----1
524,78
[2J[1;1H
FPS:1.6
Objects:

li: 100%
----2
525,116
----6
526,428
----6
527,456
----7
528,532
----6
529,409
----2
530,152
----1
531,79
[2J[1;1H
FPS:1.4
Objects:

li: 100%
----2
532,118
----6
533,434
----6
534,462
----7
535,539
----6
536,415
----2
537,154
----1
538,80
[2J[1;1H
FPS:0.9
Objects:

li: 100%
----2
539,120
----6
540,440
----6
541,468
----7
542,546
----6
543,421
----2
544,156
----1
545,81
[2J[1;1H
FPS:1.0
Objects:

li: 100%
----2
546,122
----6
547,446
----6
548,474
----7
549,553
----6
550,427
----2
551,158
----1
552,82
[2J[1;1H
FPS:1.6
Objects:

li: 100%
----2
553,124
----6
554,452
----6
555,480
----7
556,560
----6
557,433
----2
558,160
----1
559,83
[2J[1;1H
FPS:1.5
Objects:

li: 100%
----2
560,126
----6
561,458
----6
562,486
----7
563,567
----6
564,439
----2
565,162
----1
566,84
[2J[1;1H
FPS:0.8
Objects:

li: 100%
----2
567,128
----6
568,464
----6
569,492
----7
570,574
----6
571,445
----2
572,164
----1
573,85
[2J[1;1H
FPS:1.1
Objects:

li: 100%
----2
574,130
----6
575,470
----6
576,498
----7
577,581
----6
578,451
----2
579,166
----1
580,86
[2J[1;1H
FPS:1.5
Objects:

li: 100%
----2
581,132
----6
582,476
----6
583,504
----7
584,588
----6
585,457
----2
586,168
----1
587,87
[2J[1;1H
FPS:0.7
Objects:

li: 100%
----2
588,134
----6
589,482
----6
590,510
----7
591,595
----6
592,463
----2
593,170
----1
594,88
[2J[1;1H
FPS:1.3
Objects:

li: 100%
----2
595,136
----6
596,488
----6
597,516
----7
598,602
----5
599,468
----2
600,172
----1
601,89
[2J[1;1H
FPS:1.5
Objects:

li: 100%
----2
602,138
----6
603,494
----6
604,522
----7
605,609
----5
606,473
----2
607,174
----1
608,90
[2J[1;1H
FPS:1.5
Objects:

li: 100%
----2
609,140
----6
610,500
----6
611,528
----7
612,616
----5
613,478
----2
614,176
----1
615,91
[2J[1;1H
FPS:1.4
Objects:

li: 100%
----2
616,142
----6
617,506
----6
618,534
----7
619,623
----6
620,484
----2
621,178
----1
622,92
[2J[1;1H
FPS:1.4
Objects:

li: 99%
----2
623,144
----6
624,512
----6
625,540
----7
626,630
----6
627,490
----2
628,180
----1
629,93
[2J[1;1H
FPS:1.4
Objects:

li: 100%
----2
630,146
----6
631,518
----6
632,546
----7
633,637
----6
634,496
----2
635,182
----1
636,94
[2J[1;1H
FPS:1.5
Objects:

li: 100%
----1
637,147
----6
638,524
----6
639,552
----7
640,644
----6
641,502
----2
642,184
----1
643,95
[2J[1;1H
FPS:1.5
Objects:

li: 100%
----2
644,149
----6
645,530
----6
646,558
----7
647,651
----6
648,508
----2
649,186
----1
650,96
[2J[1;1H
FPS:1.4
Objects:

li: 100%
----2
651,151
----6
652,536
----6
653,564
----7
654,658
----6
655,514
----2
656,188
----1
657,97
[2J[1;1H
FPS:1.4
Objects:

li: 100%
----2
658,153
----6
659,542
----6
660,570
----7
661,665
----6
662,520
----2
663,190
----1
664,98
[2J[1;1H
FPS:1.4
Objects:

li: 100%
----2
665,155
----6
666,548
----6
667,576
----7
668,672
----6
669,526
----2
670,192
----1
671,99
[2J[1;1H
FPS:1.4
Objects:

li: 100%
----2
672,157
----6
673,554
----6
674,582
----7
675,679
----6
676,532
----2
677,194
----1
678,100
[2J[1;1H
FPS:1.6
Objects:

li: 100%
----2
679,159
----6
680,560
----6
681,588
----7
682,686
----6
683,538
----2
684,196
----1
685,101
[2J[1;1H
FPS:1.6
Objects:

li: 100%
----2
686,161
----6
687,566
----6
688,594
----7
689,693
----6
690,544
----2
691,198
----1
692,102
[2J[1;1H
FPS:1.5
Objects:

li: 100%
----2
693,163
----6
694,572
----6
695,600
----7
696,700
----6
697,550
----2
698,200
----1
699,103
[2J[1;1H
FPS:1.6
Objects:

li: 100%
----2
700,165
----6
701,578
----6
702,606
----7
703,707
----6
704,556
----2
705,202
----1
706,104
[2J[1;1H
FPS:1.6
Objects:

li: 100%
----2
707,167
----6
708,584
----6
709,612
----7
710,714
----6
711,562
----2
712,204
----1
713,105
[2J[1;1H
FPS:1.3
Objects:

li: 100%
----2
714,169
----6
715,590
----6
716,618
----7
717,721
----6
718,568
----2
719,206
----1
720,106
[2J[1;1H
FPS:1.4
Objects:

li: 100%
----2
721,171
----6
722,596
----6
723,624
----7
724,728
----6
725,574
----2
726,208
----1
727,107
[2J[1;1H
FPS:1.5
Objects:

li: 100%
----2
728,173
----6
729,602
----6
730,630
----7
731,735
----6
732,580
----2
733,210
----1
734,108
[2J[1;1H
FPS:1.5
Objects:

li: 100%
----2
735,175
----6
736,608
----6
737,636
----7
738,742
----6
739,586
----2
740,212
----1
741,109
[2J[1;1H
FPS:1.6
Objects:

li: 100%
----2
742,177
----6
743,614
----6
744,642
----7
745,749
----6
746,592
----2
747,214
----1
748,110
[2J[1;1H
FPS:1.4
Objects:

li: 100%
----2
749,179
----6
750,620
----6
751,648
----7
752,756
----6
753,598
----2
754,216
----1
755,111
[2J[1;1H
FPS:1.3
Objects:

li: 100%
----2
756,181
----6
757,626
----6
758,654
----7
759,763
----6
760,604
----2
761,218
----1
762,112
[2J[1;1H
FPS:1.3
Objects:

li: 100%
----2
763,183
----6
764,632
----6
765,660
----7
766,770
----6
767,610
----2
768,220
----1
769,113
[2J[1;1H
FPS:1.3
Objects:

li: 100%
----2
770,185
----6
771,638
----6
772,666
----7
773,777
----6
774,616
----2
775,222
----1
776,114
[2J[1;1H
FPS:1.3
Objects:

li: 100%
----2
777,187
----6
778,644
----6
779,672
----7
780,784
----6
781,622
----2
782,224
----1
783,115
[2J[1;1H
FPS:1.4
Objects:

li: 100%
----2
784,189
----6
785,650
----6
786,678
----7
787,791
----5
788,627
----2
789,226
----1
790,116
[2J[1;1H
FPS:0.9
Objects:

li: 100%
----2
791,191
----6
792,656
----6
793,684
----7
794,798
----6
795,633
----2
796,228
----1
797,117
[2J[1;1H
FPS:1.0
Objects:

li: 100%
----2
798,193
----6
799,662
----6
800,690
----7
801,805
----5
802,638
----2
803,230
----1
804,118
[2J[1;1H
FPS:1.7
Objects:

li: 100%
----2
805,195
----6
806,668
----6
807,696
----7
808,812
----5
809,643
----2
810,232
----1
811,119
[2J[1;1H
FPS:1.6
Objects:

li: 100%
----2
812,197
----6
813,674
----6
814,702
----7
815,819
----6
816,649
----2
817,234
----1
818,120
[2J[1;1H
FPS:1.6
Objects:

li: 100%
----2
819,199
----6
820,680
----6
821,708
----7
822,826
----6
823,655
----2
824,236
----1
825,121
[2J[1;1H
FPS:0.8
Objects:

li: 100%
----2
826,201
----6
827,686
----6
828,714
----7
829,833
----6
830,661
----2
831,238
----1
832,122
[2J[1;1H
FPS:1.2
Objects:

li: 100%
----2
833,203
----6
834,692
----6
835,720
----7
836,840
----6
837,667
----2
838,240
----1
839,123
[2J[1;1H
FPS:1.0
Objects:

li: 100%
----2
840,205
----6
841,698
----6
842,726
----7
843,847
----6
844,673
----2
845,242
----1
846,124
[2J[1;1H
FPS:1.1
Objects:

li: 100%
----2
847,207
----6
848,704
----6
849,732
----7
850,854
----6
851,679
----2
852,244
----1
853,125
[2J[1;1H
FPS:0.7
Objects:

li: 100%
----2
854,209
----6
855,710
----6
856,738
----7
857,861
----6
858,685
----2
859,246
----1
860,126
[2J[1;1H
FPS:1.5
Objects:

li: 100%
----2
861,211
----6
862,716
----6
863,744
----7
864,868
----6
865,691
----2
866,248
----1
867,127
[2J[1;1H
FPS:1.5
Objects:

li: 100%
----2
868,213
----6
869,722
----6
870,750
----7
871,875
----6
872,697
----2
873,250
----1
874,128
[2J[1;1H
FPS:1.0
Objects:

li: 100%
----2
875,215
----6
876,728
----6
877,756
----7
878,882
----5
879,702
----2
880,252
----1
881,129
[2J[1;1H
FPS:1.3
Objects:

li: 100%
----2
882,217
----6
883,734
----6
884,762
----7
885,889
----6
886,708
----2
887,254
----1
888,130
[2J[1;1H
FPS:1.5
Objects:

li: 100%
----2
889,219
----6
890,740
----6
891,768
----7
892,896
----6
893,714
----2
894,256
----1
895,131
[2J[1;1H
FPS:1.6
Objects:

li: 100%
----2
896,221
----6
897,746
----6
898,774
----7
899,903
----5
900,719
----2
901,258
----1
902,132
[2J[1;1H
FPS:1.0
Objects:

li: 100%
----2
903,223
----6
904,752
----6
905,780
----7
906,910
----6
907,725
----2
908,260
----1
909,133
[2J[1;1H
FPS:0.7
Objects:

li: 100%
----2
910,225
----6
911,758
----6
912,786
----7
913,917
----6
914,731
----2
915,262
----1
916,134
[2J[1;1H
FPS:1.0
Objects:

li: 100%
----2
917,227
----6
918,764
----6
919,792
----7
920,924
----6
921,737
----2
922,264
----1
923,135
[2J[1;1H
FPS:1.3
Objects:

li: 100%
----2
924,229
----6
925,770
----6
926,798
----7
927,931
----6
928,743
----2
929,266
----1
930,136
[2J[1;1H
FPS:1.6
Objects:

li: 100%
----2
931,231
----6
932,776
----6
933,804
----7
934,938
----6
935,749
----2
936,268
----1
937,137
[2J[1;1H
FPS:1.2
Objects:

li: 100%
----2
938,233
----6
939,782
----6
940,810
----7
941,945
----6
942,755
----2
943,270
----1
944,138
[2J[1;1H
FPS:1.3
Objects:

li: 100%
----2
945,235
----6
946,788
----6
947,816
----7
948,952
----6
949,761
----2
950,272
----1
951,139
[2J[1;1H
FPS:1.6
Objects:

li: 100%
----2
952,237
----6
953,794
----6
954,822
----7
955,959
----6
956,767
----2
957,274
----1
958,140
[2J[1;1H
FPS:1.6
Objects:

li: 100%
----2
959,239
----6
960,800
----6
961,828
----7
962,966
----6
963,773
----2
964,276
----1
965,141
[2J[1;1H
FPS:1.1
Objects:

li: 100%
----2
966,241
----6
967,806
----6
968,834
----7
969,973
----6
970,779
----2
971,278
----1
972,142
[2J[1;1H
FPS:1.2
Objects:

li: 100%
----2
973,243
----6
974,812
----6
975,840
----7
976,980
----6
977,785
----2
978,280
----1
979,143
[2J[1;1H
FPS:1.7
Objects:

li: 100%
----2
980,245
----6
981,818
----6
982,846
----7
983,987
----6
984,791
----2
985,282
----1
986,144
[2J[1;1H
FPS:1.6
Objects:

li: 100%
----2
987,247
----6
988,824
----6
989,852
----7
990,994
----6
991,797
----2
992,284
----1
993,145
[2J[1;1H
FPS:1.6
Objects:

li: 100%
----2
994,249
----6
995,830
----6
996,858
----7
997,1001
----6
998,803
----2
999,286
----1
1000,146
[2J[1;1H
FPS:1.6
Objects:

li: 100%
----2
1001,251
----6
1002,836
----6
1003,864
----7
1004,1008
----6
1005,809
----2
1006,288
----1
1007,147
[2J[1;1H
FPS:1.7
Objects:

li: 100%
----2
1008,253
----6
1009,842
----6
1010,870
----7
1011,1015
----6
1012,815
----2
1013,290
----1
1014,148
[2J[1;1H
FPS:1.3
Objects:

li: 100%
----2
1015,255
----6
1016,848
----6
1017,876
----7
1018,1022
----6
1019,821
----2
1020,292
----1
1021,149
[2J[1;1H
FPS:0.8
Objects:

li: 100%
----2
1022,257
----6
1023,854
----6
1024,882
----7
1025,1029
----6
1026,827
----2
1027,294
----1
1028,150
[2J[1;1H
FPS:0.9
Objects:

li: 100%
----2
1029,259
----6
1030,860
----6
1031,888
----7
1032,1036
----6
1033,833
----2
1034,296
----1
1035,151
[2J[1;1H
FPS:1.1
Objects:

li: 100%
----2
1036,261
----6
1037,866
----6
1038,894
----7
1039,1043
----5
1040,838
----2
1041,298
----1
1042,152
[2J[1;1H
FPS:1.2
Objects:

li: 100%
----2
1043,263
----6
1044,872
----6
1045,900
----7
1046,1050
----6
1047,844
----2
1048,300
----1
1049,153
[2J[1;1H
FPS:1.0
Objects:

li: 100%
----2
1050,265
----6
1051,878
----6
1052,906
----7
1053,1057
----5
1054,849
----2
1055,302
----1
1056,154
[2J[1;1H
FPS:1.0
Objects:

li: 100%
----2
1057,267
----6
1058,884
----6
1059,912
----7
1060,1064
----6
1061,855
----2
1062,304
----1
1063,155
[2J[1;1H
FPS:1.1
Objects:

li: 100%
----2
1064,269
----6
1065,890
----6
1066,918
----7
1067,1071
----6
1068,861
----2
1069,306
----1
1070,156
[2J[1;1H
FPS:1.4
Objects:

li: 100%
----2
1071,271
----6
1072,896
----6
1073,924
----7
1074,1078
----6
1075,867
----2
1076,308
----1
1077,157
[2J[1;1H
FPS:1.2
Objects:

li: 100%
----2
1078,273
----6
1079,902
----6
1080,930
----7
1081,1085
----6
1082,873
----2
1083,310
----1
1084,158
[2J[1;1H
FPS:1.1
Objects:

li: 100%
----2
1085,275
----6
1086,908
----6
1087,936
----7
1088,1092
----6
1089,879
----2
1090,312
----1
1091,159
[2J[1;1H
FPS:1.3
Objects:

li: 100%
----2
1092,277
----6
1093,914
----6
1094,942
----7
1095,1099
----6
1096,885
----2
1097,314
----1
1098,160
[2J[1;1H
FPS:1.3
Objects:

li: 100%
----2
1099,279
----6
1100,920
----6
1101,948
----7
1102,1106
----5
1103,890
----2
1104,316
----1
1105,161
[2J[1;1H
FPS:1.1
Objects:

li: 100%
----2
1106,281
----6
1107,926
----6
1108,954
----7
1109,1113
----5
1110,895
----2
1111,318
----1
1112,162
[2J[1;1H
FPS:1.3
Objects:

li: 100%
----2
1113,283
----6
1114,932
----6
1115,960
----7
1116,1120
----5
1117,900
----2
1118,320
----1
1119,163
[2J[1;1H
FPS:0.9
Objects:

li: 98%
----2
1120,285
----6
1121,938
----6
1122,966
----7
1123,1127
----5
1124,905
----2
1125,322
----1
1126,164
[2J[1;1H
FPS:1.2
Objects:

li: 100%
----2
1127,287
----6
1128,944
----6
1129,972
----7
1130,1134
----5
1131,910
----2
1132,324
----1
1133,165
[2J[1;1H
FPS:1.0
Objects:

li: 100%
----2
1134,289
----6
1135,950
----6
1136,978
----7
1137,1141
----6
1138,916
----2
1139,326
----1
1140,166
[2J[1;1H
FPS:0.6
Objects:

li: 100%
----2
1141,291
----6
1142,956
----6
1143,984
----7
1144,1148
----6
1145,922
----2
1146,328
----1
1147,167
[2J[1;1H
FPS:0.7
Objects:

li: 100%
----2
1148,293
----6
1149,962
----6
1150,990
----7
1151,1155
----6
1152,928
----2
1153,330
----1
1154,168
[2J[1;1H
FPS:1.0
Objects:

li: 100%
----2
1155,295
----6
1156,968
----6
1157,996
----7
1158,1162
----6
1159,934
----2
1160,332
----1
1161,169
[2J[1;1H
FPS:1.1
Objects:

li: 100%
----2
1162,297
----6
1163,974
----6
1164,1002
----7
1165,1169
----6
1166,940
----2
1167,334
----1
1168,170
[2J[1;1H
FPS:1.4
Objects:

li: 100%
----2
1169,299
----6
1170,980
----6
1171,1008
----7
1172,1176
----6
1173,946
----2
1174,336
----1
1175,171
[2J[1;1H
FPS:1.0
Objects:

li: 100%
----2
1176,301
----6
1177,986
----6
1178,1014
----7
1179,1183
----6
1180,952
----2
1181,338
----1
1182,172
[2J[1;1H
FPS:1.1
Objects:

li: 100%
----2
1183,303
----6
1184,992
----6
1185,1020
----7
1186,1190
----5
1187,957
----2
1188,340
----1
1189,173
[2J[1;1H
FPS:1.6
Objects:

li: 100%
----2
1190,305
----6
1191,998
----6
1192,1026
----7
1193,1197
----5
1194,962
----2
1195,342
----1
1196,174
[2J[1;1H
FPS:1.3
Objects:

li: 100%
----2
1197,307
----6
1198,1004
----6
1199,1032
----7
1200,1204
----6
1201,968
----2
1202,344
----1
1203,175
[2J[1;1H
FPS:1.3
Objects:

li: 100%
----2
1204,309
----6
1205,1010
----6
1206,1038
----7
1207,1211
----6
1208,974
----2
1209,346
----1
1210,176
[2J[1;1H
FPS:0.8
Objects:

li: 100%
----2
1211,311
----6
1212,1016
----6
1213,1044
----7
1214,1218
----6
1215,980
----2
1216,348
----1
1217,177
[2J[1;1H
FPS:1.5
Objects:

li: 100%
----2
1218,313
----6
1219,1022
----6
1220,1050
----7
1221,1225
----6
1222,986
----2
1223,350
----1
1224,178
[2J[1;1H
FPS:1.4
Objects:

li: 100%
----2
1225,315
----6
1226,1028
----6
1227,1056
----7
1228,1232
----6
1229,992
----2
1230,352
----1
1231,179
[2J[1;1H
FPS:0.8
Objects:

li: 100%
----2
1232,317
----6
1233,1034
----6
1234,1062
----7
1235,1239
----6
1236,998
----2
1237,354
----1
1238,180
[2J[1;1H
FPS:1.1
Objects:

li: 100%
----2
1239,319
----6
1240,1040
----6
1241,1068
----7
1242,1246
----6
1243,1004
----2
1244,356
----1
1245,181
[2J[1;1H
FPS:1.1
Objects:

li: 100%
----2
1246,321
----6
1247,1046
----6
1248,1074
----7
1249,1253
----6
1250,1010
----2
1251,358
----1
1252,182
[2J[1;1H
FPS:0.8
Objects:

li: 100%
----2
1253,323
----6
1254,1052
----6
1255,1080
----7
1256,1260
----6
1257,1016
----2
1258,360
----1
1259,183
[2J[1;1H
FPS:0.6
Objects:

li: 100%
----2
1260,325
----6
1261,1058
----6
1262,1086
----7
1263,1267
----6
1264,1022
----2
1265,362
----1
1266,184
[2J[1;1H
FPS:0.8
Objects:

li: 100%
----2
1267,327
----6
1268,1064
----6
1269,1092
----7
1270,1274
----6
1271,1028
----2
1272,364
----2
1273,186
[2J[1;1H
FPS:0.8
Objects:

li: 100%
----2
1274,329
----6
1275,1070
----6
1276,1098
----7
1277,1281
----6
1278,1034
----2
1279,366
----1
1280,187
[2J[1;1H
FPS:1.0
Objects:

li: 100%
----2
1281,331
----6
1282,1076
----6
1283,1104
----7
1284,1288
----6
1285,1040
----2
1286,368
----1
1287,188
[2J[1;1H
FPS:1.4
Objects:

li: 100%
----2
1288,333
----6
1289,1082
----6
1290,1110
----7
1291,1295
----5
1292,1045
----2
1293,370
----1
1294,189
[2J[1;1H
FPS:1.4
Objects:

li: 100%
----2
1295,335
----6
1296,1088
----6
1297,1116
----7
1298,1302
----5
1299,1050
----2
1300,372
----1
1301,190
[2J[1;1H
FPS:1.5
Objects:

li: 100%
----2
1302,337
----6
1303,1094
----6
1304,1122
----7
1305,1309
----6
1306,1056
----2
1307,374
----1
1308,191
[2J[1;1H
FPS:1.1
Objects:

li: 100%
----2
1309,339
----6
1310,1100
----6
1311,1128
----7
1312,1316
----6
1313,1062
----2
1314,376
----1
1315,192
[2J[1;1H
FPS:0.9
Objects:

li: 100%
----2
1316,341
----6
1317,1106
----6
1318,1134
----7
1319,1323
----6
1320,1068
----2
1321,378
----1
1322,193
[2J[1;1H
FPS:1.5
Objects:

li: 100%
----2
1323,343
----6
1324,1112
----6
1325,1140
----7
1326,1330
----6
1327,1074
----2
1328,380
----1
1329,194
[2J[1;1H
FPS:0.8
Objects:

li: 100%
----2
1330,345
----6
1331,1118
----6
1332,1146
----7
1333,1337
----6
1334,1080
----2
1335,382
----1
1336,195
[2J[1;1H
FPS:0.9
Objects:

li: 100%
----2
1337,347
----6
1338,1124
----6
1339,1152
----7
1340,1344
----6
1341,1086
----2
1342,384
----1
1343,196
[2J[1;1H
FPS:1.4
Objects:

li: 100%
----2
1344,349
----6
1345,1130
----6
1346,1158
----7
1347,1351
----5
1348,1091
----2
1349,386
----1
1350,197
[2J[1;1H
FPS:0.9
Objects:

li: 100%
----2
1351,351
----6
1352,1136
----6
1353,1164
----7
1354,1358
----5
1355,1096
----2
1356,388
----1
1357,198
[2J[1;1H
FPS:1.3
Objects:

li: 100%
----2
1358,353
----6
1359,1142
----6
1360,1170
----7
1361,1365
----5
1362,1101
----2
1363,390
----1
1364,199
[2J[1;1H
FPS:1.6
Objects:

li: 100%
----2
1365,355
----6
1366,1148
----6
1367,1176
----7
1368,1372
----5
1369,1106
----2
1370,392
----1
1371,200
[2J[1;1H
FPS:1.0
Objects:

li: 100%
----2
1372,357
----6
1373,1154
----6
1374,1182
----7
1375,1379
----5
1376,1111
----2
1377,394
----1
1378,201
[2J[1;1H
FPS:1.2
Objects:

li: 100%
----2
1379,359
----6
1380,1160
----6
1381,1188
----7
1382,1386
----5
1383,1116
----2
1384,396
----1
1385,202
[2J[1;1H
FPS:1.4
Objects:

li: 100%
----2
1386,361
----6
1387,1166
----6
1388,1194
----7
1389,1393
----5
1390,1121
----2
1391,398
----1
1392,203
[2J[1;1H
FPS:0.8
Objects:

li: 100%
----2
1393,363
----6
1394,1172
----6
1395,1200
----7
1396,1400
----6
1397,1127
----2
1398,400
----1
1399,204
[2J[1;1H
FPS:1.4
Objects:

li: 100%
----2
1400,365
----6
1401,1178
----6
1402,1206
----7
1403,1407
----6
1404,1133
----2
1405,402
----1
1406,205
[2J[1;1H
FPS:1.3
Objects:

li: 100%
----2
1407,367
----6
1408,1184
----6
1409,1212
----7
1410,1414
----6
1411,1139
----2
1412,404
----1
1413,206
[2J[1;1H
FPS:0.9
Objects:

li: 100%
----2
1414,369
----6
1415,1190
----6
1416,1218
----7
1417,1421
----6
1418,1145
----2
1419,406
----2
1420,208
[2J[1;1H
FPS:1.4
Objects:

li: 100%
----2
1421,371
----6
1422,1196
----6
1423,1224
----7
1424,1428
----6
1425,1151
----2
1426,408
----1
1427,209
[2J[1;1H
FPS:1.5
Objects:

li: 100%
----2
1428,373
----6
1429,1202
----6
1430,1230
----6
1431,1434
----6
1432,1157
----2
1433,410
----2
1434,211
[2J[1;1H
FPS:0.8
Objects:

li: 100%
----2
1435,375
----6
1436,1208
----6
1437,1236
----6
1438,1440
----6
1439,1163
----2
1440,412
----2
1441,213
[2J[1;1H
FPS:1.4
Objects:

li: 100%
----2
1442,377
----6
1443,1214
----6
1444,1242
----7
1445,1447
----6
1446,1169
----2
1447,414
----2
1448,215
[2J[1;1H
FPS:1.0
Objects:

li: 99%
----2
1449,379
----6
1450,1220
----6
1451,1248
----7
1452,1454
----6
1453,1175
----2
1454,416
----1
1455,216
[2J[1;1H
FPS:1.0
Objects:

li: 96%
----2
1456,381
----6
1457,1226
----6
1458,1254
----7
1459,1461
----6
1460,1181
----2
1461,418
----1
1462,217
[2J[1;1H
FPS:1.4
Objects:

li: 93%
----2
1463,383
----6
1464,1232
----6
1465,1260
----7
1466,1468
----6
1467,1187
----2
1468,420
----2
1469,219
[2J[1;1H
FPS:1.2
Objects:

li: 100%
----2
1470,385
----6
1471,1238
----6
1472,1266
----7
1473,1475
----6
1474,1193
----2
1475,422
----2
1476,221
[2J[1;1H
FPS:1.3
Objects:

li: 100%
----2
1477,387
----6
1478,1244
----6
1479,1272
----7
1480,1482
----6
1481,1199
----2
1482,424
----1
1483,222
[2J[1;1H
FPS:1.3
Objects:

li: 100%
----2
1484,389
----6
1485,1250
----6
1486,1278
----7
1487,1489
----6
1488,1205
----2
1489,426
----2
1490,224
[2J[1;1H
FPS:1.3
Objects:

li: 100%
----2
1491,391
----6
1492,1256
----6
1493,1284
----7
1494,1496
----6
1495,1211
----2
1496,428
----1
1497,225
[2J[1;1H
FPS:1.4
Objects:

li: 100%
----2
1498,393
----6
1499,1262
----6
1500,1290
----7
1501,1503
----6
1502,1217
----2
1503,430
----1
1504,226
[2J[1;1H
FPS:1.4
Objects:

li: 100%
----2
1505,395
----6
1506,1268
----6
1507,1296
----7
1508,1510
----6
1509,1223
----2
1510,432
----1
1511,227
[2J[1;1H
FPS:1.5
Objects:

li: 100%
----2
1512,397
----6
1513,1274
----6
1514,1302
----7
1515,1517
----6
1516,1229
----2
1517,434
----1
1518,228
[2J[1;1H
FPS:1.2
Objects:

li: 100%
----2
1519,399
----6
1520,1280
----6
1521,1308
----7
1522,1524
----6
1523,1235
----2
1524,436
----1
1525,229
[2J[1;1H
FPS:1.3
Objects:

li: 100%
----2
1526,401
----6
1527,1286
----6
1528,1314
----7
1529,1531
----6
1530,1241
----2
1531,438
----1
1532,230
[2J[1;1H
FPS:1.3
Objects:

li: 100%
----2
1533,403
----6
1534,1292
----6
1535,1320
----7
1536,1538
----6
1537,1247
----2
1538,440
----1
1539,231
[2J[1;1H
FPS:1.5
Objects:

li: 100%
----2
1540,405
----6
1541,1298
----6
1542,1326
----7
1543,1545
----6
1544,1253
----2
1545,442
----1
1546,232
[2J[1;1H
FPS:1.5
Objects:

li: 100%
----2
1547,407
----6
1548,1304
----6
1549,1332
----7
1550,1552
----6
1551,1259
----2
1552,444
----1
1553,233
[2J[1;1H
FPS:1.2
Objects:

li: 100%
----2
1554,409
----6
1555,1310
----6
1556,1338
----7
1557,1559
----6
1558,1265
----2
1559,446
----2
1560,235
[2J[1;1H
FPS:1.3
Objects:

li: 100%
----2
1561,411
----6
1562,1316
----6
1563,1344
----7
1564,1566
----6
1565,1271
----2
1566,448
----2
1567,237
[2J[1;1H
FPS:1.4
Objects:

li: 100%
----2
1568,413
----6
1569,1322
----6
1570,1350
----7
1571,1573
----6
1572,1277
----2
1573,450
----2
1574,239
[2J[1;1H
FPS:1.5
Objects:

li: 99%
----2
1575,415
----6
1576,1328
----6
1577,1356
----7
1578,1580
----6
1579,1283
----3
1580,453
----2
1581,241
[2J[1;1H
FPS:1.5
Objects:

li: 100%
----2
1582,417
----6
1583,1334
----6
1584,1362
----7
1585,1587
----6
1586,1289
----2
1587,455
----2
1588,243
[2J[1;1H
FPS:1.5
Objects:

li: 100%
----2
1589,419
----6
1590,1340
----6
1591,1368
----7
1592,1594
----6
1593,1295
----2
1594,457
----2
1595,245
[2J[1;1H
FPS:1.5
Objects:

li: 100%
----2
1596,421
----6
1597,1346
----6
1598,1374
----7
1599,1601
----6
1600,1301
----2
1601,459
----2
1602,247
[2J[1;1H
FPS:1.5
Objects:

li: 100%
----2
1603,423
----6
1604,1352
----6
1605,1380
----7
1606,1608
----6
1607,1307
----2
1608,461
----2
1609,249
[2J[1;1H
FPS:1.5
Objects:

li: 100%
----2
1610,425
----6
1611,1358
----6
1612,1386
----7
1613,1615
----6
1614,1313
----2
1615,463
----2
1616,251
[2J[1;1H
FPS:1.5
Objects:

li: 100%
----2
1617,427
----6
1618,1364
----6
1619,1392
----7
1620,1622
----6
1621,1319
----2
1622,465
----2
1623,253
[2J[1;1H
FPS:1.5
Objects:

li: 100%
----2
1624,429
----6
1625,1370
----6
1626,1398
----7
1627,1629
----6
1628,1325
----2
1629,467
----2
1630,255
[2J[1;1H
FPS:1.5
Objects:

li: 100%
----2
1631,431
----6
1632,1376
----6
1633,1404
----7
1634,1636
----6
1635,1331
----2
1636,469
----2
1637,257
[2J[1;1H
FPS:1.5
Objects:

li: 100%
----2
1638,433
----6
1639,1382
----6
1640,1410
----7
1641,1643
----6
1642,1337
----2
1643,471
----2
1644,259
[2J[1;1H
FPS:1.4
Objects:

li: 100%
----2
1645,435
----6
1646,1388
----6
1647,1416
----7
1648,1650
----6
1649,1343
----2
1650,473
----2
1651,261
[2J[1;1H
FPS:1.4
Objects:

li: 100%
----2
1652,437
----6
1653,1394
----6
1654,1422
----7
1655,1657
----6
1656,1349
----2
1657,475
----2
1658,263
[2J[1;1H
FPS:1.3
Objects:

li: 100%
----2
1659,439
----6
1660,1400
----6
1661,1428
----7
1662,1664
----6
1663,1355
----2
1664,477
----2
1665,265
[2J[1;1H
FPS:1.2
Objects:

li: 100%
----2
1666,441
----6
1667,1406
----6
1668,1434
----7
1669,1671
----6
1670,1361
----2
1671,479
----2
1672,267
[2J[1;1H
FPS:1.6
Objects:

li: 100%
----2
1673,443
----6
1674,1412
----6
1675,1440
----7
1676,1678
----6
1677,1367
----2
1678,481
----2
1679,269
[2J[1;1H
FPS:1.4
Objects:

li: 100%
----2
1680,445
----6
1681,1418
----6
1682,1446
----7
1683,1685
----6
1684,1373
----2
1685,483
----2
1686,271
[2J[1;1H
FPS:1.4
Objects:

li: 100%
----2
1687,447
----6
1688,1424
----6
1689,1452
----7
1690,1692
----6
1691,1379
----2
1692,485
----2
1693,273
[2J[1;1H
FPS:1.4
Objects:

li: 100%
----2
1694,449
----6
1695,1430
----6
1696,1458
----7
1697,1699
----6
1698,1385
----2
1699,487
----2
1700,275
[2J[1;1H
FPS:1.4
Objects:

li: 100%
----2
1701,451
----6
1702,1436
----6
1703,1464
----7
1704,1706
----6
1705,1391
----2
1706,489
----2
1707,277
[2J[1;1H
FPS:1.4
Objects:

li: 100%
----2
1708,453
----6
1709,1442
----6
1710,1470
----7
1711,1713
----6
1712,1397
----2
1713,491
----2
1714,279
[2J[1;1H
FPS:1.5
Objects:

li: 100%
----2
1715,455
----6
1716,1448
----6
1717,1476
----7
1718,1720
----6
1719,1403
----2
1720,493
----1
1721,280
[2J[1;1H
FPS:1.3
Objects:

li: 100%
----2
1722,457
----6
1723,1454
----6
1724,1482
----7
1725,1727
----6
1726,1409
----2
1727,495
----2
1728,282
[2J[1;1H
FPS:1.4
Objects:

li: 100%
----2
1729,459
----6
1730,1460
----6
1731,1488
----7
1732,1734
----6
1733,1415
----2
1734,497
----2
1735,284
[2J[1;1H
FPS:1.4
Objects:

li: 100%
----2
1736,461
----6
1737,1466
----6
1738,1494
----7
1739,1741
----6
1740,1421
----2
1741,499
----2
1742,286
[2J[1;1H
FPS:1.4
Objects:

li: 100%
----2
1743,463
----6
1744,1472
----6
1745,1500
----7
1746,1748
----6
1747,1427
----2
1748,501
----2
1749,288
[2J[1;1H
FPS:1.6
Objects:

li: 100%
----2
1750,465
----6
1751,1478
----6
1752,1506
----7
1753,1755
----6
1754,1433
----2
1755,503
----2
1756,290
[2J[1;1H
FPS:1.4
Objects:

li: 100%
----2
1757,467
----6
1758,1484
----6
1759,1512
----7
1760,1762
----6
1761,1439
----2
1762,505
----2
1763,292
[2J[1;1H
FPS:1.3
Objects:

li: 100%
----2
1764,469
----6
1765,1490
----6
1766,1518
----7
1767,1769
----6
1768,1445
----2
1769,507
----1
1770,293
[2J[1;1H
FPS:1.5
Objects:

li: 100%
----2
1771,471
----6
1772,1496
----6
1773,1524
----7
1774,1776
----6
1775,1451
----2
1776,509
----1
1777,294
[2J[1;1H
FPS:1.4
Objects:

li: 100%
----2
1778,473
----6
1779,1502
----6
1780,1530
----7
1781,1783
----6
1782,1457
----2
1783,511
----2
1784,296
[2J[1;1H
FPS:1.2
Objects:

li: 100%
----2
1785,475
----6
1786,1508
----6
1787,1536
----7
1788,1790
----6
1789,1463
----2
1790,513
----2
1791,298
[2J[1;1H
FPS:1.4
Objects:

li: 100%
----2
1792,477
----6
1793,1514
----6
1794,1542
----7
1795,1797
----6
1796,1469
----2
1797,515
----1
1798,299
[2J[1;1H
FPS:1.5
Objects:

li: 100%
----2
1799,479
----6
1800,1520
----6
1801,1548
----7
1802,1804
----6
1803,1475
----2
1804,517
----1
1805,300
[2J[1;1H
FPS:1.6
Objects:

li: 100%
----2
1806,481
----6
1807,1526
----6
1808,1554
----7
1809,1811
----6
1810,1481
----2
1811,519
----1
1812,301
[2J[1;1H
FPS:1.6
Objects:

li: 100%
----2
1813,483
----6
1814,1532
----6
1815,1560
----7
1816,1818
----6
1817,1487
----2
1818,521
----1
1819,302
[2J[1;1H
FPS:1.5
Objects:

li: 100%
----2
1820,485
----6
1821,1538
----6
1822,1566
----7
1823,1825
----6
1824,1493
----2
1825,523
----1
1826,303
[2J[1;1H
FPS:1.5
Objects:

li: 100%
----2
1827,487
----6
1828,1544
----6
1829,1572
----7
1830,1832
----6
1831,1499
----2
1832,525
----2
1833,305
[2J[1;1H
FPS:1.6
Objects:

li: 100%
----2
1834,489
----6
1835,1550
----6
1836,1578
----7
1837,1839
----6
1838,1505
----2
1839,527
----2
1840,307
[2J[1;1H
FPS:1.5
Objects:

li: 100%
----2
1841,491
----6
1842,1556
----6
1843,1584
----7
1844,1846
----6
1845,1511
----2
1846,529
----2
1847,309
[2J[1;1H
FPS:1.6
Objects:

li: 100%
----2
1848,493
----6
1849,1562
----6
1850,1590
----7
1851,1853
----6
1852,1517
----2
1853,531
----2
1854,311
[2J[1;1H
FPS:1.5
Objects:

li: 100%
----1
1855,494
----6
1856,1568
----6
1857,1596
----7
1858,1860
----6
1859,1523
----2
1860,533
----2
1861,313
[2J[1;1H
FPS:1.5
Objects:

li: 100%
----2
1862,496
----6
1863,1574
----6
1864,1602
----7
1865,1867
----6
1866,1529
----2
1867,535
----2
1868,315
[2J[1;1H
FPS:1.5
Objects:

li: 100%
----2
1869,498
----6
1870,1580
----6
1871,1608
----7
1872,1874
----6
1873,1535
----2
1874,537
----2
1875,317
[2J[1;1H
FPS:1.5
Objects:

li: 100%
----2
1876,500
----6
1877,1586
----6
1878,1614
----7
1879,1881
----6
1880,1541
----2
1881,539
----2
1882,319
[2J[1;1H
FPS:1.4
Objects:

li: 100%
----2
1883,502
----6
1884,1592
----6
1885,1620
----7
1886,1888
----6
1887,1547
----2
1888,541
----2
1889,321
[2J[1;1H
FPS:1.5
Objects:

li: 100%
----2
1890,504
----6
1891,1598
----6
1892,1626
----7
1893,1895
----6
1894,1553
----2
1895,543
----2
1896,323
[2J[1;1H
FPS:1.5
Objects:

li: 100%
----2
1897,506
----6
1898,1604
----6
1899,1632
----7
1900,1902
----6
1901,1559
----2
1902,545
----2
1903,325
[2J[1;1H
FPS:1.6
Objects:

li: 100%
----2
1904,508
----6
1905,1610
----6
1906,1638
----7
1907,1909
----6
1908,1565
----2
1909,547
----2
1910,327
[2J[1;1H
FPS:1.5
Objects:

li: 100%
----2
1911,510
----6
1912,1616
----6
1913,1644
----7
1914,1916
----6
1915,1571
----2
1916,549
----2
1917,329
[2J[1;1H
FPS:1.4
Objects:

li: 100%
----2
1918,512
----6
1919,1622
----6
1920,1650
----7
1921,1923
----6
1922,1577
----2
1923,551
----2
1924,331
[2J[1;1H
FPS:1.5
Objects:

li: 100%
----2
1925,514
----6
1926,1628
----6
1927,1656
----7
1928,1930
----6
1929,1583
----2
1930,553
----2
1931,333
[2J[1;1H
FPS:1.6
Objects:

li: 100%
----2
1932,516
----6
1933,1634
----6
1934,1662
----7
1935,1937
----6
1936,1589
----2
1937,555
----1
1938,334
[2J[1;1H
FPS:1.5
Objects:

li: 100%
----2
1939,518
----6
1940,1640
----6
1941,1668
----7
1942,1944
----6
1943,1595
----2
1944,557
----1
1945,335
[2J[1;1H
FPS:1.6
Objects:

li: 100%
----2
1946,520
----6
1947,1646
----6
1948,1674
----7
1949,1951
----6
1950,1601
----2
1951,559
----1
1952,336
[2J[1;1H
FPS:1.4
Objects:

li: 100%
----2
1953,522
----6
1954,1652
----6
1955,1680
----7
1956,1958
----6
1957,1607
----2
1958,561
----2
1959,338
[2J[1;1H
FPS:1.2
Objects:

li: 100%
----2
1960,524
----6
1961,1658
----6
1962,1686
----7
1963,1965
----6
1964,1613
----2
1965,563
----1
1966,339
[2J[1;1H
FPS:1.3
Objects:

li: 100%
----2
1967,526
----6
1968,1664
----6
1969,1692
----7
1970,1972
----6
1971,1619
----2
1972,565
----1
1973,340
[2J[1;1H
FPS:1.1
Objects:

li: 100%
----2
1974,528
----6
1975,1670
----6
1976,1698
----7
1977,1979
----6
1978,1625
----2
1979,567
----1
1980,341
[2J[1;1H
FPS:0.6
Objects:

li: 99%
----2
1981,530
----6
1982,1676
----6
1983,1704
----7
1984,1986
----6
1985,1631
----3
1986,570
----1
1987,342
[2J[1;1H
FPS:1.5
Objects:

li: 99%
----2
1988,532
----6
1989,1682
----6
1990,1710
----7
1991,1993
----6
1992,1637
----2
1993,572
----2
1994,344
[2J[1;1H
FPS:1.1
Objects:

li: 100%
----2
1995,534
----6
1996,1688
----6
1997,1716
----7
1998,2000
----6
1999,1643
----2
2000,574
----2
2001,346
[2J[1;1H
FPS:0.9
Objects:

li: 99%
----2
2002,536
----6
2003,1694
----6
2004,1722
----7
2005,2007
----6
2006,1649
----2
2007,576
----1
2008,347
[2J[1;1H
FPS:1.5
Objects:

li: 99%
----2
2009,538
----6
2010,1700
----6
2011,1728
----7
2012,2014
----6
2013,1655
----2
2014,578
----1
2015,348
[2J[1;1H
FPS:1.2
Objects:

li: 99%
----2
2016,540
----6
2017,1706
----6
2018,1734
----7
2019,2021
----6
2020,1661
----2
2021,580
----1
2022,349
[2J[1;1H
FPS:1.0
Objects:

li: 99%
----2
2023,542
----6
2024,1712
----6
2025,1740
----7
2026,2028
----6
2027,1667
----2
2028,582
----2
2029,351
[2J[1;1H
FPS:1.6
Objects:

li: 96%
----2
2030,544
----6
2031,1718
----6
2032,1746
----7
2033,2035
----6
2034,1673
----2
2035,584
----1
2036,352
[2J[1;1H
FPS:1.1
Objects:

li: 94%
----2
2037,546
----6
2038,1724
----6
2039,1752
----7
2040,2042
----6
2041,1679
----2
2042,586
----1
2043,353
[2J[1;1H
FPS:0.9
Objects:

li: 95%
----2
2044,548
----6
2045,1730
----6
2046,1758
----7
2047,2049
----6
2048,1685
----2
2049,588
----1
2050,354
[2J[1;1H
FPS:1.1
Objects:

li: 96%
----2
2051,550
----6
2052,1736
----6
2053,1764
----7
2054,2056
----6
2055,1691
----2
2056,590
----1
2057,355
[2J[1;1H
FPS:1.0
Objects:

li: 98%
----2
2058,552
----6
2059,1742
----6
2060,1770
----7
2061,2063
----6
2062,1697
----2
2063,592
----1
2064,356
[2J[1;1H
FPS:1.4
Objects:

li: 99%
----2
2065,554
----6
2066,1748
----6
2067,1776
----7
2068,2070
----6
2069,1703
----2
2070,594
----1
2071,357
[2J[1;1H
FPS:1.2
Objects:

li: 100%
----2
2072,556
----6
2073,1754
----6
2074,1782
----7
2075,2077
----6
2076,1709
----2
2077,596
----1
2078,358
[2J[1;1H
FPS:1.4
Objects:

li: 100%
----2
2079,558
----6
2080,1760
----6
2081,1788
----7
2082,2084
----6
2083,1715
----2
2084,598
----1
2085,359
[2J[1;1H
FPS:1.4
Objects:

li: 100%
----2
2086,560
----6
2087,1766
----6
2088,1794
----7
2089,2091
----6
2090,1721
----2
2091,600
----1
2092,360
[2J[1;1H
FPS:1.5
Objects:

li: 100%
----2
2093,562
----6
2094,1772
----6
2095,1800
----7
2096,2098
----6
2097,1727
----2
2098,602
----1
2099,361
[2J[1;1H
FPS:1.5
Objects:

li: 100%
----2
2100,564
----6
2101,1778
----6
2102,1806
----7
2103,2105
----6
2104,1733
----2
2105,604
----2
2106,363
[2J[1;1H
FPS:1.5
Objects:

li: 100%
----2
2107,566
----6
2108,1784
----6
2109,1812
----7
2110,2112
----6
2111,1739
----2
2112,606
----2
2113,365
[2J[1;1H
FPS:1.6
Objects:

li: 100%
----2
2114,568
----6
2115,1790
----6
2116,1818
----7
2117,2119
----6
2118,1745
----2
2119,608
----2
2120,367
[2J[1;1H
FPS:1.5
Objects:

li: 100%
----2
2121,570
----6
2122,1796
----6
2123,1824
----7
2124,2126
----6
2125,1751
----2
2126,610
----2
2127,369
[2J[1;1H
FPS:1.5
Objects:

li: 100%
----2
2128,572
----6
2129,1802
----6
2130,1830
----7
2131,2133
----6
2132,1757
----2
2133,612
----2
2134,371
[2J[1;1H
FPS:1.5
Objects:

li: 99%
----2
2135,574
----6
2136,1808
----6
2137,1836
----7
2138,2140
----6
2139,1763
----2
2140,614
----2
2141,373
[2J[1;1H
FPS:1.5
Objects:

li: 99%
----2
2142,576
----6
2143,1814
----6
2144,1842
----7
2145,2147
----6
2146,1769
----2
2147,616
----2
2148,375
[2J[1;1H
FPS:1.4
Objects:

li: 98%
----2
2149,578
----6
2150,1820
----6
2151,1848
----7
2152,2154
----6
2153,1775
----2
2154,618
----1
2155,376
[2J[1;1H
FPS:1.3
Objects:

li: 98%
----2
2156,580
----6
2157,1826
----6
2158,1854
----6
2159,2160
----6
2160,1781
----2
2161,620
----2
2162,378
[2J[1;1H
FPS:1.4
Objects:

li: 98%
----2
2163,582
----6
2164,1832
----6
2165,1860
----6
2166,2166
----6
2167,1787
----2
2168,622
----2
2169,380
[2J[1;1H
FPS:1.4
Objects:

li: 99%
----2
2170,584
----6
2171,1838
----6
2172,1866
----7
2173,2173
----6
2174,1793
----2
2175,624
----1
2176,381
[2J[1;1H
FPS:1.6
Objects:

li: 99%
----2
2177,586
----6
2178,1844
----6
2179,1872
----7
2180,2180
----6
2181,1799
----2
2182,626
----1
2183,382
[2J[1;1H
FPS:1.6
Objects:

li: 98%
----2
2184,588
----6
2185,1850
----6
2186,1878
----7
2187,2187
----6
2188,1805
----2
2189,628
----1
2190,383
[2J[1;1H
FPS:1.6
Objects:

li: 99%
----2
2191,590
----6
2192,1856
----6
2193,1884
----7
2194,2194
----6
2195,1811
----2
2196,630
----1
2197,384
[2J[1;1H
FPS:1.5
Objects:

li: 100%
----2
2198,592
----6
2199,1862
----6
2200,1890
----7
2201,2201
----6
2202,1817
----2
2203,632
----1
2204,385
[2J[1;1H
FPS:1.3
Objects:

li: 100%
----2
2205,594
----6
2206,1868
----6
2207,1896
----6
2208,2207
----6
2209,1823
----2
2210,634
----1
2211,386
[2J[1;1H
FPS:1.4
Objects:

li: 100%
----2
2212,596
----6
2213,1874
----6
2214,1902
----6
2215,2213
----6
2216,1829
----2
2217,636
----1
2218,387
[2J[1;1H
FPS:1.5
Objects:

li: 100%
----2
2219,598
----6
2220,1880
----6
2221,1908
----7
2222,2220
----6
2223,1835
----2
2224,638
----1
2225,388
[2J[1;1H
FPS:1.5
Objects:

li: 100%
----2
2226,600
----6
2227,1886
----6
2228,1914
----7
2229,2227
----6
2230,1841
----2
2231,640
----1
2232,389
[2J[1;1H
FPS:1.5
Objects:

li: 100%
----2
2233,602
----6
2234,1892
----6
2235,1920
----7
2236,2234
----6
2237,1847
----2
2238,642
----1
2239,390
[2J[1;1H
FPS:1.5
Objects:

li: 100%
----2
2240,604
----6
2241,1898
----6
2242,1926
----7
2243,2241
----6
2244,1853
----2
2245,644
----1
2246,391
[2J[1;1H
FPS:1.6
Objects:

li: 100%
----2
2247,606
----6
2248,1904
----6
2249,1932
----7
2250,2248
----6
2251,1859
----2
2252,646
----1
2253,392
[2J[1;1H
FPS:1.5
Objects:

li: 100%
----2
2254,608
----6
2255,1910
----6
2256,1938
----7
2257,2255
----6
2258,1865
----2
2259,648
----1
2260,393
[2J[1;1H
FPS:1.5
Objects:

li: 100%
----2
2261,610
----6
2262,1916
----6
2263,1944
----7
2264,2262
----6
2265,1871
----2
2266,650
----2
2267,395
[2J[1;1H
FPS:1.6
Objects:

li: 100%
----2
2268,612
----6
2269,1922
----6
2270,1950
----7
2271,2269
----6
2272,1877
----2
2273,652
----2
2274,397
[2J[1;1H
FPS:1.5
Objects:

li: 100%
----2
2275,614
----6
2276,1928
----6
2277,1956
----7
2278,2276
----6
2279,1883
----2
2280,654
----2
2281,399
[2J[1;1H
FPS:1.5
Objects:

li: 100%
----2
2282,616
----6
2283,1934
----6
2284,1962
----7
2285,2283
----6
2286,1889
----2
2287,656
----1
2288,400
[2J[1;1H
FPS:1.6
Objects:

li: 100%
----2
2289,618
----6
2290,1940
----6
2291,1968
----7
2292,2290
----6
2293,1895
----2
2294,658
----1
2295,401
[2J[1;1H
FPS:1.3
Objects:

li: 100%
----2
2296,620
----6
2297,1946
----6
2298,1974
----7
2299,2297
----6
2300,1901
----2
2301,660
----1
2302,402
[2J[1;1H
FPS:1.3
Objects:

li: 100%
----2
2303,622
----6
2304,1952
----6
2305,1980
----7
2306,2304
----6
2307,1907
----2
2308,662
----1
2309,403
[2J[1;1H
FPS:1.5
Objects:

li: 100%
----2
2310,624
----6
2311,1958
----6
2312,1986
----7
2313,2311
----6
2314,1913
----2
2315,664
----1
2316,404
[2J[1;1H
FPS:1.6
Objects:

li: 100%
----2
2317,626
----6
2318,1964
----6
2319,1992
----7
2320,2318
----6
2321,1919
----2
2322,666
----1
2323,405
[2J[1;1H
FPS:1.6
Objects:

li: 100%
----2
2324,628
----6
2325,1970
----6
2326,1998
----7
2327,2325
----6
2328,1925
----2
2329,668
----1
2330,406
[2J[1;1H
FPS:1.5
Objects:

li: 100%
----2
2331,630
----6
2332,1976
----6
2333,2004
----7
2334,2332
----6
2335,1931
----2
2336,670
----1
2337,407
[2J[1;1H
FPS:1.5
Objects:

li: 100%
----2
2338,632
----6
2339,1982
----6
2340,2010
----7
2341,2339
----5
2342,1936
----2
2343,672
----1
2344,408
[2J[1;1H
FPS:1.5
Objects:

li: 100%
----2
2345,634
----6
2346,1988
----6
2347,2016
----7
2348,2346
----5
2349,1941
----2
2350,674
----1
2351,409
[2J[1;1H
FPS:1.6
Objects:

li: 100%
----2
2352,636
----6
2353,1994
----6
2354,2022
----7
2355,2353
----6
2356,1947
----2
2357,676
----1
2358,410
[2J[1;1H
FPS:1.5
Objects:

li: 100%
----2
2359,638
----6
2360,2000
----6
2361,2028
----7
2362,2360
----5
2363,1952
----2
2364,678
----1
2365,411
[2J[1;1H
FPS:1.5
Objects:

li: 100%
----2
2366,640
----6
2367,2006
----6
2368,2034
----7
2369,2367
----5
2370,1957
----2
2371,680
----1
2372,412
[2J[1;1H
FPS:1.5
Objects:

li: 100%
----2
2373,642
----6
2374,2012
----6
2375,2040
----7
2376,2374
----5
2377,1962
----2
2378,682
----1
2379,413
[2J[1;1H
FPS:1.5
Objects:

li: 100%
----2
2380,644
----6
2381,2018
----6
2382,2046
----7
2383,2381
----5
2384,1967
----2
2385,684
----1
2386,414
[2J[1;1H
FPS:1.5
Objects:

li: 100%
----2
2387,646
----6
2388,2024
----6
2389,2052
----7
2390,2388
----5
2391,1972
----2
2392,686
----1
2393,415
[2J[1;1H
FPS:1.6
Objects:

li: 100%
----2
2394,648
----6
2395,2030
----6
2396,2058
----7
2397,2395
----5
2398,1977
----2
2399,688
----1
2400,416
[2J[1;1H
FPS:1.6
Objects:

li: 100%
----2
2401,650
----6
2402,2036
----6
2403,2064
----7
2404,2402
----5
2405,1982
----2
2406,690
----1
2407,417
[2J[1;1H
FPS:1.4
Objects:

li: 100%
----2
2408,652
----6
2409,2042
----6
2410,2070
----7
2411,2409
----5
2412,1987
----2
2413,692
----1
2414,418
[2J[1;1H
FPS:1.5
Objects:

li: 100%
----2
2415,654
----6
2416,2048
----6
2417,2076
----7
2418,2416
----5
2419,1992
----2
2420,694
----1
2421,419
[2J[1;1H
FPS:1.5
Objects:

li: 100%
----2
2422,656
----6
2423,2054
----6
2424,2082
----7
2425,2423
----5
2426,1997
----2
2427,696
----1
2428,420
[2J[1;1H
FPS:1.5
Objects:

li: 100%
----2
2429,658
----6
2430,2060
----6
2431,2088
----7
2432,2430
----5
2433,2002
----2
2434,698
----1
2435,421
[2J[1;1H
FPS:1.4
Objects:

li: 100%
----2
2436,660
----6
2437,2066
----6
2438,2094
----7
2439,2437
----5
2440,2007
----2
2441,700
----1
2442,422
[2J[1;1H
FPS:1.5
Objects:

li: 100%
----2
2443,662
----6
2444,2072
----6
2445,2100
----7
2446,2444
----5
2447,2012
----2
2448,702
----1
2449,423
[2J[1;1H
FPS:1.6
Objects:

li: 100%
----2
2450,664
----6
2451,2078
----6
2452,2106
----7
2453,2451
----5
2454,2017
----2
2455,704
----1
2456,424
[2J[1;1H
FPS:1.6
Objects:

li: 100%
----2
2457,666
----6
2458,2084
----6
2459,2112
----7
2460,2458
----5
2461,2022
----2
2462,706
----1
2463,425
[2J[1;1H
FPS:1.5
Objects:

li: 100%
----2
2464,668
----5
2465,2089
----6
2466,2118
----7
2467,2465
----5
2468,2027
----2
2469,708
----1
2470,426
[2J[1;1H
FPS:1.5
Objects:

li: 100%
----2
2471,670
----5
2472,2094
----6
2473,2124
----7
2474,2472
----5
2475,2032
----2
2476,710
----1
2477,427
[2J[1;1H
FPS:1.5
Objects:

li: 100%
----2
2478,672
----5
2479,2099
----6
2480,2130
----7
2481,2479
----5
2482,2037
----2
2483,712
----1
2484,428
[2J[1;1H
FPS:1.5
Objects:

li: 100%
----2
2485,674
----5
2486,2104
----6
2487,2136
----7
2488,2486
----5
2489,2042
----2
2490,714
----1
2491,429
[2J[1;1H
FPS:1.6
Objects:

li: 100%
----2
2492,676
----5
2493,2109
----6
2494,2142
----7
2495,2493
----5
2496,2047
----2
2497,716
----1
2498,430
[2J[1;1H
FPS:1.5
Objects:

li: 100%
----2
2499,678
----5
2500,2114
----6
2501,2148
----7
2502,2500
----5
2503,2052
----2
2504,718
----1
2505,431
[2J[1;1H
FPS:1.5
Objects:

li: 100%
----2
2506,680
----5
2507,2119
----6
2508,2154
----7
2509,2507
----5
2510,2057
----2
2511,720
----1
2512,432
[2J[1;1H
FPS:1.5
Objects:

li: 100%
----2
2513,682
----5
2514,2124
----6
2515,2160
----7
2516,2514
----5
2517,2062
----2
2518,722
----1
2519,433
[2J[1;1H
FPS:1.6
Objects:

li: 100%
----1
2520,683
----5
2521,2129
----6
2522,2166
----7
2523,2521
----5
2524,2067
----2
2525,724
----1
2526,434
[2J[1;1H
FPS:1.6
Objects:

li: 100%
----1
2527,684
----5
2528,2134
----6
2529,2172
----7
2530,2528
----5
2531,2072
----2
2532,726
----1
2533,435
[2J[1;1H
FPS:1.5
Objects:

li: 100%
----1
2534,685
----5
2535,2139
----6
2536,2178
----7
2537,2535
----5
2538,2077
----2
2539,728
----1
2540,436
[2J[1;1H
FPS:1.5
Objects:

li: 100%
----1
2541,686
----5
2542,2144
----6
2543,2184
----7
2544,2542
----5
2545,2082
----2
2546,730
----1
2547,437
[2J[1;1H
FPS:1.5
Objects:

li: 100%
----2
2548,688
----6
2549,2150
----6
2550,2190
----7
2551,2549
----5
2552,2087
----2
2553,732
----1
2554,438
[2J[1;1H
FPS:1.5
Objects:

li: 100%
----2
2555,690
----5
2556,2155
----6
2557,2196
----7
2558,2556
----5
2559,2092
----2
2560,734
----1
2561,439
[2J[1;1H
FPS:1.5
Objects:

li: 100%
----2
2562,692
----6
2563,2161
----6
2564,2202
----7
2565,2563
----5
2566,2097
----2
2567,736
----1
2568,440
[2J[1;1H
FPS:1.4
Objects:

li: 100%
----2
2569,694
----5
2570,2166
----6
2571,2208
----7
2572,2570
----5
2573,2102
----2
2574,738
----1
2575,441
[2J[1;1H
FPS:1.6
Objects:

li: 100%
----2
2576,696
----6
2577,2172
----6
2578,2214
----7
2579,2577
----5
2580,2107
----2
2581,740
----1
2582,442
[2J[1;1H
FPS:1.5
Objects:

li: 100%
----1
2583,697
----5
2584,2177
----6
2585,2220
----7
2586,2584
----6
2587,2113
----2
2588,742
----1
2589,443
[2J[1;1H
FPS:1.5
Objects:

li: 100%
----2
2590,699
----5
2591,2182
----6
2592,2226
----7
2593,2591
----5
2594,2118
----2
2595,744
----1
2596,444
[2J[1;1H
FPS:1.5
Objects:

li: 100%
----2
2597,701
----6
2598,2188
----6
2599,2232
----7
2600,2598
----5
2601,2123
----2
2602,746
----1
2603,445
[2J[1;1H
FPS:1.5
Objects:

li: 100%
----2
2604,703
----6
2605,2194
----6
2606,2238
----7
2607,2605
----5
2608,2128
----2
2609,748
----1
2610,446
[2J[1;1H
FPS:1.5
Objects:

li: 100%
----2
2611,705
----6
2612,2200
----6
2613,2244
----7
2614,2612
----5
2615,2133
----2
2616,750
----1
2617,447
[2J[1;1H
FPS:1.5
Objects:

li: 100%
----2
2618,707
----6
2619,2206
----6
2620,2250
----7
2621,2619
----5
2622,2138
----2
2623,752
----1
2624,448
[2J[1;1H
FPS:1.5
Objects:

li: 100%
----2
2625,709
----6
2626,2212
----6
2627,2256
----7
2628,2626
----5
2629,2143
----2
2630,754
----1
2631,449
[2J[1;1H
FPS:1.4
Objects:

li: 100%
----2
2632,711
----6
2633,2218
----6
2634,2262
----7
2635,2633
----5
2636,2148
----2
2637,756
----1
2638,450
[2J[1;1H
FPS:1.5
Objects:

li: 100%
----2
2639,713
----6
2640,2224
----6
2641,2268
----7
2642,2640
----6
2643,2154
----2
2644,758
----1
2645,451
[2J[1;1H
FPS:1.4
Objects:

li: 100%
----2
2646,715
----6
2647,2230
----6
2648,2274
----7
2649,2647
----6
2650,2160
----2
2651,760
----1
2652,452
[2J[1;1H
FPS:1.5
Objects:

li: 100%
----2
2653,717
----6
2654,2236
----6
2655,2280
----7
2656,2654
----6
2657,2166
----2
2658,762
----1
2659,453
[2J[1;1H
FPS:1.6
Objects:

li: 100%
----2
2660,719
----6
2661,2242
----6
2662,2286
----7
2663,2661
----6
2664,2172
----2
2665,764
----1
2666,454
[2J[1;1H
FPS:1.6
Objects:

li: 100%
----2
2667,721
----6
2668,2248
----6
2669,2292
----7
2670,2668
----6
2671,2178
----2
2672,766
----1
2673,455
[2J[1;1H
FPS:1.5
Objects:

li: 100%
----2
2674,723
----5
2675,2253
----6
2676,2298
----7
2677,2675
----6
2678,2184
----2
2679,768
----1
2680,456
[2J[1;1H
FPS:1.6
Objects:

li: 100%
----2
2681,725
----6
2682,2259
----6
2683,2304
----7
2684,2682
----6
2685,2190
----2
2686,770
----1
2687,457
[2J[1;1H
FPS:1.5
Objects:

li: 96%
----2
2688,727
----6
2689,2265
----6
2690,2310
----7
2691,2689
----5
2692,2195
----2
2693,772
----1
2694,458
[2J[1;1H
FPS:1.4
Objects:

li: 100%
----2
2695,729
----6
2696,2271
----6
2697,2316
----7
2698,2696
----5
2699,2200
----2
2700,774
----1
2701,459
[2J[1;1H
FPS:1.4
Objects:

li: 100%
----2
2702,731
----6
2703,2277
----6
2704,2322
----7
2705,2703
----5
2706,2205
----2
2707,776
----1
2708,460
[2J[1;1H
FPS:1.4
Objects:

li: 100%
----2
2709,733
----6
2710,2283
----6
2711,2328
----7
2712,2710
----6
2713,2211
----2
2714,778
----1
2715,461
[2J[1;1H
FPS:1.5
Objects:

li: 100%
----2
2716,735
----6
2717,2289
----6
2718,2334
----7
2719,2717
----6
2720,2217
----2
2721,780
----1
2722,462
[2J[1;1H
FPS:1.6
Objects:

li: 100%
----1
2723,736
----6
2724,2295
----6
2725,2340
----7
2726,2724
----6
2727,2223
----2
2728,782
----1
2729,463
[2J[1;1H
FPS:1.6
Objects:

li: 100%
----2
2730,738
----6
2731,2301
----6
2732,2346
----7
2733,2731
----6
2734,2229
----2
2735,784
----1
2736,464
[2J[1;1H
FPS:1.6
Objects:

li: 100%
----2
2737,740
----6
2738,2307
----6
2739,2352
----7
2740,2738
----6
2741,2235
----2
2742,786
----1
2743,465
[2J[1;1H
FPS:1.6
Objects:

li: 100%
----2
2744,742
----6
2745,2313
----6
2746,2358
----7
2747,2745
----6
2748,2241
----2
2749,788
----1
2750,466
[2J[1;1H
FPS:1.6
Objects:

li: 100%
----2
2751,744
----6
2752,2319
----6
2753,2364
----7
2754,2752
----6
2755,2247
----2
2756,790
----1
2757,467
[2J[1;1H
FPS:1.5
Objects:

li: 100%
----2
2758,746
----6
2759,2325
----6
2760,2370
----7
2761,2759
----6
2762,2253
----2
2763,792
----1
2764,468
[2J[1;1H
FPS:1.5
Objects:

li: 100%
----2
2765,748
----6
2766,2331
----6
2767,2376
----7
2768,2766
----6
2769,2259
----2
2770,794
----1
2771,469
[2J[1;1H
FPS:1.5
Objects:

li: 100%
----2
2772,750
----5
2773,2336
----6
2774,2382
----7
2775,2773
----6
2776,2265
----2
2777,796
----1
2778,470
[2J[1;1H
FPS:1.5
Objects:

li: 100%
----2
2779,752
----6
2780,2342
----6
2781,2388
----7
2782,2780
----6
2783,2271
----2
2784,798
----1
2785,471
[2J[1;1H
FPS:1.5
Objects:

li: 100%
----2
2786,754
----6
2787,2348
----6
2788,2394
----7
2789,2787
----6
2790,2277
----2
2791,800
----1
2792,472
[2J[1;1H
FPS:1.6
Objects:

li: 100%
----2
2793,756
----6
2794,2354
----6
2795,2400
----7
2796,2794
----6
2797,2283
----2
2798,802
----1
2799,473
[2J[1;1H
FPS:1.5
Objects:

li: 100%
----2
2800,758
----5
2801,2359
----6
2802,2406
----7
2803,2801
----6
2804,2289
----2
2805,804
----1
2806,474
[2J[1;1H
FPS:1.5
Objects:

li: 100%
----2
2807,760
----6
2808,2365
----6
2809,2412
----7
2810,2808
----6
2811,2295
----2
2812,806
----1
2813,475
[2J[1;1H
FPS:1.6
Objects:

li: 100%
----2
2814,762
----6
2815,2371
----6
2816,2418
----7
2817,2815
----6
2818,2301
----2
2819,808
----1
2820,476
[2J[1;1H
FPS:1.5
Objects:

li: 100%
----2
2821,764
----6
2822,2377
----6
2823,2424
----7
2824,2822
----6
2825,2307
----2
2826,810
----1
2827,477
[2J[1;1H
FPS:1.6
Objects:

li: 100%
----2
2828,766
----6
2829,2383
----6
2830,2430
----7
2831,2829
----6
2832,2313
----2
2833,812
----1
2834,478
[2J[1;1H
FPS:1.4
Objects:

li: 100%
----2
2835,768
----6
2836,2389
----6
2837,2436
----7
2838,2836
----6
2839,2319
----2
2840,814
----1
2841,479
[2J[1;1H
FPS:1.4
Objects:

li: 100%
----2
2842,770
----5
2843,2394
----6
2844,2442
----7
2845,2843
----6
2846,2325
----2
2847,816
----1
2848,480
[2J[1;1H
FPS:1.5
Objects:

li: 100%
----2
2849,772
----6
2850,2400
----6
2851,2448
----7
2852,2850
----6
2853,2331
----2
2854,818
----1
2855,481
[2J[1;1H
FPS:1.6
Objects:

li: 100%
----2
2856,774
----5
2857,2405
----6
2858,2454
----7
2859,2857
----6
2860,2337
----2
2861,820
----1
2862,482
[2J[1;1H
FPS:1.6
Objects:

li: 100%
----2
2863,776
----6
2864,2411
----6
2865,2460
----6
2866,2863
----6
2867,2343
----2
2868,822
----1
2869,483
[2J[1;1H
FPS:1.5
Objects:

li: 100%
----2
2870,778
----6
2871,2417
----6
2872,2466
----7
2873,2870
----6
2874,2349
----2
2875,824
----1
2876,484
[2J[1;1H
FPS:1.5
Objects:

li: 100%
----2
2877,780
----6
2878,2423
----6
2879,2472
----7
2880,2877
----6
2881,2355
----2
2882,826
----1
2883,485
[2J[1;1H
FPS:1.5
Objects:

li: 100%
----2
2884,782
----6
2885,2429
----6
2886,2478
----7
2887,2884
----6
2888,2361
----2
2889,828
----1
2890,486
[2J[1;1H
FPS:1.5
Objects:

li: 100%
----2
2891,784
----6
2892,2435
----6
2893,2484
----7
2894,2891
----5
2895,2366
----2
2896,830
----1
2897,487
[2J[1;1H
FPS:1.5
Objects:

li: 100%
----2
2898,786
----6
2899,2441
----6
2900,2490
----7
2901,2898
----5
2902,2371
----2
2903,832
----1
2904,488
[2J[1;1H
FPS:1.5
Objects:

li: 100%
----2
2905,788
----6
2906,2447
----6
2907,2496
----7
2908,2905
----5
2909,2376
----2
2910,834
----1
2911,489
[2J[1;1H
FPS:1.4
Objects:

li: 100%
----2
2912,790
----6
2913,2453
----6
2914,2502
----7
2915,2912
----5
2916,2381
----2
2917,836
----1
2918,490
[2J[1;1H
FPS:1.5
Objects:

li: 100%
----2
2919,792
----6
2920,2459
----6
2921,2508
----7
2922,2919
----6
2923,2387
----2
2924,838
----1
2925,491
[2J[1;1H
FPS:1.5
Objects:

li: 100%
----2
2926,794
----6
2927,2465
----6
2928,2514
----7
2929,2926
----6
2930,2393
----2
2931,840
----1
2932,492
[2J[1;1H
FPS:1.4
Objects:

li: 100%
----2
2933,796
----6
2934,2471
----6
2935,2520
----7
2936,2933
----6
2937,2399
----2
2938,842
----1
2939,493
[2J[1;1H
FPS:1.5
Objects:

li: 100%
----2
2940,798
----6
2941,2477
----6
2942,2526
----7
2943,2940
----6
2944,2405
----2
2945,844
----1
2946,494
[2J[1;1H
FPS:1.5
Objects:

li: 100%
----2
2947,800
----6
2948,2483
----6
2949,2532
----7
2950,2947
----6
2951,2411
----2
2952,846
----1
2953,495
[2J[1;1H
FPS:1.5
Objects:

li: 100%
----2
2954,802
----6
2955,2489
----6
2956,2538
----7
2957,2954
----6
2958,2417
----2
2959,848
----1
2960,496
[2J[1;1H
FPS:1.4
Objects:

li: 100%
----2
2961,804
----6
2962,2495
----6
2963,2544
----7
2964,2961
----6
2965,2423
----2
2966,850
----1
2967,497
[2J[1;1H
FPS:1.4
Objects:

li: 100%
----2
2968,806
----6
2969,2501
----6
2970,2550
----7
2971,2968
----6
2972,2429
----2
2973,852
----1
2974,498
[2J[1;1H
FPS:1.5
Objects:

li: 100%
----2
2975,808
----6
2976,2507
----6
2977,2556
----7
2978,2975
----6
2979,2435
----2
2980,854
----1
2981,499
[2J[1;1H
FPS:1.5
Objects:

li: 100%
----2
2982,810
----6
2983,2513
----6
2984,2562
----7
2985,2982
----6
2986,2441
----2
2987,856
----1
2988,500
[2J[1;1H
FPS:1.6
Objects:

li: 100%
----2
2989,812
----6
2990,2519
----6
2991,2568
----7
2992,2989
----6
2993,2447
----2
2994,858
----1
2995,501
[2J[1;1H
FPS:1.5
Objects:

li: 100%
----2
2996,814
----6
2997,2525
----6
2998,2574
----7
2999,2996
----6
3000,2453
----2
3001,860
----1
3002,502
[2J[1;1H
FPS:1.6
Objects:

li: 100%
----2
3003,816
----6
3004,2531
----6
3005,2580
----7
3006,3003
----6
3007,2459
----2
3008,862
----1
3009,503
[2J[1;1H
FPS:1.5
Objects:

li: 100%
----2
3010,818
----6
3011,2537
----6
3012,2586
----7
3013,3010
----6
3014,2465
----2
3015,864
----1
3016,504
[2J[1;1H
FPS:1.5
Objects:

li: 100%
----2
3017,820
----6
3018,2543
----6
3019,2592
----7
3020,3017
----6
3021,2471
----2
3022,866
----1
3023,505
[2J[1;1H
FPS:1.6
Objects:

li: 100%
----2
3024,822
----6
3025,2549
----6
3026,2598
----7
3027,3024
----6
3028,2477
----2
3029,868
----1
3030,506
[2J[1;1H
FPS:1.5
Objects:

li: 100%
----2
3031,824
----6
3032,2555
----6
3033,2604
----7
3034,3031
----6
3035,2483
----2
3036,870
----1
3037,507
[2J[1;1H
FPS:1.5
Objects:

li: 100%
----2
3038,826
----6
3039,2561
----6
3040,2610
----7
3041,3038
----6
3042,2489
----2
3043,872
----1
3044,508
[2J[1;1H
FPS:1.6
Objects:

li: 100%
----2
3045,828
----6
3046,2567
----6
3047,2616
----7
3048,3045
----6
3049,2495
----2
3050,874
----1
3051,509
[2J[1;1H
FPS:1.5
Objects:

li: 100%
----2
3052,830
----6
3053,2573
----6
3054,2622
----7
3055,3052
----6
3056,2501
----2
3057,876
----1
3058,510
[2J[1;1H
FPS:1.5
Objects:

li: 100%
----2
3059,832
----6
3060,2579
----6
3061,2628
----7
3062,3059
----6
3063,2507
----2
3064,878
----1
3065,511
[2J[1;1H
FPS:1.5
Objects:

li: 100%
----2
3066,834
----6
3067,2585
----6
3068,2634
----7
3069,3066
----6
3070,2513
----2
3071,880
----1
3072,512
[2J[1;1H
FPS:1.5
Objects:

li: 100%
----2
3073,836
----6
3074,2591
----6
3075,2640
----7
3076,3073
----6
3077,2519
----2
3078,882
----1
3079,513
[2J[1;1H
FPS:1.6
Objects:

li: 100%
----2
3080,838
----6
3081,2597
----6
3082,2646
----7
3083,3080
----6
3084,2525
----2
3085,884
----1
3086,514
[2J[1;1H
FPS:1.5
Objects:

li: 100%
----2
3087,840
----6
3088,2603
----6
3089,2652
----7
3090,3087
----6
3091,2531
----2
3092,886
----1
3093,515
[2J[1;1H
FPS:1.4
Objects:

li: 100%
----2
3094,842
----6
3095,2609
----6
3096,2658
----7
3097,3094
----6
3098,2537
----2
3099,888
----1
3100,516
[2J[1;1H
FPS:1.4
Objects:

li: 100%
----2
3101,844
----6
3102,2615
----6
3103,2664
----7
3104,3101
----6
3105,2543
----2
3106,890
----1
3107,517
[2J[1;1H
FPS:1.4
Objects:

li: 100%
----2
3108,846
----6
3109,2621
----6
3110,2670
----7
3111,3108
----6
3112,2549
----2
3113,892
----1
3114,518
[2J[1;1H
FPS:1.6
Objects:

li: 100%
----2
3115,848
----6
3116,2627
----6
3117,2676
----7
3118,3115
----6
3119,2555
----2
3120,894
----1
3121,519
[2J[1;1H
FPS:1.5
Objects:

li: 100%
----2
3122,850
----6
3123,2633
----6
3124,2682
----7
3125,3122
----6
3126,2561
----2
3127,896
----1
3128,520
[2J[1;1H
FPS:1.5
Objects:

li: 100%
----2
3129,852
----6
3130,2639
----6
3131,2688
----7
3132,3129
----6
3133,2567
----2
3134,898
----1
3135,521
[2J[1;1H
FPS:1.5
Objects:

li: 100%
----2
3136,854
----6
3137,2645
----6
3138,2694
----7
3139,3136
----6
3140,2573
----2
3141,900
----1
3142,522
[2J[1;1H
FPS:1.5
Objects:

li: 100%
----2
3143,856
----6
3144,2651
----6
3145,2700
----7
3146,3143
----6
3147,2579
----2
3148,902
----1
3149,523
[2J[1;1H
FPS:1.5
Objects:

li: 100%
----2
3150,858
----6
3151,2657
----6
3152,2706
----7
3153,3150
----6
3154,2585
----2
3155,904
----1
3156,524
[2J[1;1H
FPS:1.6
Objects:

li: 100%
----2
3157,860
----6
3158,2663
----6
3159,2712
----7
3160,3157
----6
3161,2591
----2
3162,906
----1
3163,525
[2J[1;1H
FPS:1.4
Objects:

li: 100%
----2
3164,862
----6
3165,2669
----6
3166,2718
----7
3167,3164
----6
3168,2597
----2
3169,908
----1
3170,526
[2J[1;1H
FPS:1.4
Objects:

li: 100%
----2
3171,864
----6
3172,2675
----6
3173,2724
----7
3174,3171
----6
3175,2603
----2
3176,910
----1
3177,527
[2J[1;1H
FPS:1.4
Objects:

li: 100%
----2
3178,866
----6
3179,2681
----6
3180,2730
----7
3181,3178
----6
3182,2609
----2
3183,912
----1
3184,528
[2J[1;1H
FPS:1.5
Objects:

li: 100%
----2
3185,868
----6
3186,2687
----6
3187,2736
----7
3188,3185
----6
3189,2615
----2
3190,914
----1
3191,529
[2J[1;1H
FPS:1.5
Objects:

li: 100%
----2
3192,870
----6
3193,2693
----6
3194,2742
----7
3195,3192
----6
3196,2621
----2
3197,916
----1
3198,530
[2J[1;1H
FPS:1.6
Objects:

li: 100%
----2
3199,872
----6
3200,2699
----6
3201,2748
----7
3202,3199
----6
3203,2627
----2
3204,918
----1
3205,531
[2J[1;1H
FPS:1.5
Objects:

li: 100%
----2
3206,874
----6
3207,2705
----6
3208,2754
----7
3209,3206
----6
3210,2633
----2
3211,920
----1
3212,532
[2J[1;1H
FPS:1.6
Objects:

li: 100%
----2
3213,876
----6
3214,2711
----6
3215,2760
----7
3216,3213
----6
3217,2639
----2
3218,922
----1
3219,533
[2J[1;1H
FPS:1.5
Objects:

li: 100%
----2
3220,878
----6
3221,2717
----6
3222,2766
----7
3223,3220
----6
3224,2645
----2
3225,924
----1
3226,534
[2J[1;1H
FPS:1.4
Objects:

li: 100%
----2
3227,880
----6
3228,2723
----6
3229,2772
----7
3230,3227
----6
3231,2651
----2
3232,926
----1
3233,535
[2J[1;1H
FPS:1.4
Objects:

li: 100%
----1
3234,881
----6
3235,2729
----6
3236,2778
----7
3237,3234
----6
3238,2657
----2
3239,928
----1
3240,536
[2J[1;1H
FPS:1.6
Objects:

li: 100%
----1
3241,882
----6
3242,2735
----6
3243,2784
----7
3244,3241
----6
3245,2663
----2
3246,930
----1
3247,537
[2J[1;1H
FPS:1.6
Objects:

li: 100%
----2
3248,884
----6
3249,2741
----6
3250,2790
----7
3251,3248
----6
3252,2669
----2
3253,932
----1
3254,538
[2J[1;1H
FPS:1.5
Objects:

li: 100%
----2
3255,886
----6
3256,2747
----6
3257,2796
----7
3258,3255
----6
3259,2675
----2
3260,934
----1
3261,539
[2J[1;1H
FPS:1.5
Objects:

li: 100%
----2
3262,888
----6
3263,2753
----6
3264,2802
----7
3265,3262
----6
3266,2681
----2
3267,936
----1
3268,540
[2J[1;1H
FPS:1.6
Objects:

li: 100%
----2
3269,890
----6
3270,2759
----6
3271,2808
----7
3272,3269
----6
3273,2687
----2
3274,938
----1
3275,541
[2J[1;1H
FPS:1.6
Objects:

li: 100%
----2
3276,892
----6
3277,2765
----6
3278,2814
----7
3279,3276
----6
3280,2693
----2
3281,940
----1
3282,542
[2J[1;1H
FPS:1.5
Objects:

li: 100%
----2
3283,894
----6
3284,2771
----6
3285,2820
----7
3286,3283
----6
3287,2699
----2
3288,942
----1
3289,543
[2J[1;1H
FPS:1.6
Objects:

li: 100%
----2
3290,896
----6
3291,2777
----6
3292,2826
----7
3293,3290
----6
3294,2705
----2
3295,944
----1
3296,544
[2J[1;1H
FPS:1.6
Objects:

li: 100%
----2
3297,898
----6
3298,2783
----6
3299,2832
----7
3300,3297
----6
3301,2711
----2
3302,946
----2
3303,546
[2J[1;1H
FPS:1.6
Objects:

li: 100%
----2
3304,900
----6
3305,2789
----6
3306,2838
----7
3307,3304
----6
3308,2717
----2
3309,948
----2
3310,548
[2J[1;1H
FPS:1.5
Objects:

li: 100%
----2
3311,902
----6
3312,2795
----6
3313,2844
----7
3314,3311
----6
3315,2723
----2
3316,950
----1
3317,549
[2J[1;1H
FPS:1.5
Objects:

li: 100%
----2
3318,904
----6
3319,2801
----6
3320,2850
----7
3321,3318
----6
3322,2729
----2
3323,952
----1
3324,550
[2J[1;1H
FPS:1.6
Objects:

li: 100%
----2
3325,906
----6
3326,2807
----6
3327,2856
----7
3328,3325
----6
3329,2735
----2
3330,954
----1
3331,551
[2J[1;1H
FPS:1.6
Objects:

li: 100%
----2
3332,908
----6
3333,2813
----6
3334,2862
----7
3335,3332
----6
3336,2741
----2
3337,956
----2
3338,553
[2J[1;1H
FPS:1.6
Objects:

li: 100%
----2
3339,910
----6
3340,2819
----6
3341,2868
----7
3342,3339
----6
3343,2747
----2
3344,958
----2
3345,555
[2J[1;1H
FPS:1.6
Objects:

li: 100%
----2
3346,912
----6
3347,2825
----6
3348,2874
----7
3349,3346
----6
3350,2753
----2
3351,960
----2
3352,557
[2J[1;1H
FPS:1.5
Objects:

li: 100%
----2
3353,914
----6
3354,2831
----6
3355,2880
----7
3356,3353
----6
3357,2759
----2
3358,962
----2
3359,559
[2J[1;1H
FPS:1.4
Objects:

li: 100%
----2
3360,916
----6
3361,2837
----6
3362,2886
----7
3363,3360
----6
3364,2765
----2
3365,964
----2
3366,561
[2J[1;1H
FPS:1.4
Objects:

li: 99%
----2
3367,918
----6
3368,2843
----6
3369,2892
----7
3370,3367
----6
3371,2771
----2
3372,966
----2
3373,563
[2J[1;1H
FPS:1.6
Objects:

li: 99%
----2
3374,920
----6
3375,2849
----6
3376,2898
----7
3377,3374
----6
3378,2777
----2
3379,968
----2
3380,565
[2J[1;1H
FPS:1.6
Objects:

li: 98%
----2
3381,922
----6
3382,2855
----6
3383,2904
----7
3384,3381
----6
3385,2783
----2
3386,970
----2
3387,567
[2J[1;1H
FPS:1.5
Objects:

li: 97%
----2
3388,924
----6
3389,2861
----6
3390,2910
----7
3391,3388
----6
3392,2789
----2
3393,972
----2
3394,569
[2J[1;1H
FPS:1.5
Objects:

li: 97%
----2
3395,926
----6
3396,2867
----6
3397,2916
----7
3398,3395
----6
3399,2795
----2
3400,974
----2
3401,571
[2J[1;1H
FPS:1.5
Objects:

li: 95%
----2
3402,928
----6
3403,2873
----6
3404,2922
----7
3405,3402
----6
3406,2801
----2
3407,976
----2
3408,573
[2J[1;1H
FPS:1.5
Objects:

li: 93%
----2
3409,930
----6
3410,2879
----6
3411,2928
----7
3412,3409
----6
3413,2807
----2
3414,978
----2
3415,575
[2J[1;1H
FPS:1.6
Objects:

li: 88%
----2
3416,932
----6
3417,2885
----6
3418,2934
----7
3419,3416
----6
3420,2813
----2
3421,980
----1
3422,576
[2J[1;1H
FPS:1.5
Objects:

li: 86%
----2
3423,934
----6
3424,2891
----6
3425,2940
----7
3426,3423
----6
3427,2819
----2
3428,982
----1
3429,577
[2J[1;1H
FPS:1.5
Objects:

li: 80%
----2
3430,936
----6
3431,2897
----6
3432,2946
----7
3433,3430
----6
3434,2825
----2
3435,984
----1
3436,578
[2J[1;1H
FPS:1.5
Objects:

li: 69%
----2
3437,938
----6
3438,2903
----6
3439,2952
----7
3440,3437
----6
3441,2831
----3
3442,987
----1
3443,579
[2J[1;1H
FPS:1.5
Objects:

----2
3444,940
----6
3445,2909
----6
3446,2958
----7
3447,3444
----6
3448,2837
----3
3449,990
----2
3450,581
[2J[1;1H
FPS:1.5
Objects:

----2
3451,942
----6
3452,2915
----6
3453,2964
----7
3454,3451
----6
3455,2843
----3
3456,993
----2
3457,583
[2J[1;1H
FPS:1.5
Objects:

----2
3458,944
----6
3459,2921
----6
3460,2970
----7
3461,3458
----6
3462,2849
----3
3463,996
----2
3464,585
[2J[1;1H
FPS:1.5
Objects:

----2
3465,946
----6
3466,2927
----6
3467,2976
----7
3468,3465
----6
3469,2855
----3
3470,999
----2
3471,587
[2J[1;1H
FPS:1.5
Objects:

----2
3472,948
----6
3473,2933
----6
3474,2982
----7
3475,3472
----6
3476,2861
----3
3477,1002
----2
3478,589
[2J[1;1H
FPS:1.5
Objects:

----2
3479,950
----6
3480,2939
----6
3481,2988
----7
3482,3479
----6
3483,2867
----3
3484,1005
----2
3485,591
[2J[1;1H
FPS:1.5
Objects:

----2
3486,952
----6
3487,2945
----6
3488,2994
----7
3489,3486
----6
3490,2873
----2
3491,1007
----2
3492,593
[2J[1;1H
FPS:1.4
Objects:

----2
3493,954
----6
3494,2951
----6
3495,3000
----7
3496,3493
----6
3497,2879
----2
3498,1009
----1
3499,594
[2J[1;1H
FPS:1.4
Objects:

----2
3500,956
----6
3501,2957
----6
3502,3006
----7
3503,3500
----6
3504,2885
----3
3505,1012
----1
3506,595
[2J[1;1H
FPS:1.6
Objects:

----2
3507,958
----6
3508,2963
----6
3509,3012
----7
3510,3507
----6
3511,2891
----3
3512,1015
----2
3513,597
[2J[1;1H
FPS:1.6
Objects:

----2
3514,960
----6
3515,2969
----6
3516,3018
----7
3517,3514
----6
3518,2897
----3
3519,1018
----2
3520,599
[2J[1;1H
FPS:1.5
Objects:

----2
3521,962
----6
3522,2975
----6
3523,3024
----7
3524,3521
----6
3525,2903
----3
3526,1021
----2
3527,601
[2J[1;1H
FPS:1.5
Objects:

----2
3528,964
----6
3529,2981
----6
3530,3030
----7
3531,3528
----6
3532,2909
----3
3533,1024
----2
3534,603
[2J[1;1H
FPS:1.5
Objects:

----2
3535,966
----6
3536,2987
----6
3537,3036
----7
3538,3535
----6
3539,2915
----3
3540,1027
----2
3541,605
[2J[1;1H
FPS:1.6
Objects:

----2
3542,968
----6
3543,2993
----6
3544,3042
----7
3545,3542
----6
3546,2921
----3
3547,1030
----2
3548,607
[2J[1;1H
FPS:1.6
Objects:

----2
3549,970
----6
3550,2999
----6
3551,3048
----7
3552,3549
----6
3553,2927
----3
3554,1033
----2
3555,609
[2J[1;1H
FPS:1.5
Objects:

----2
3556,972
----6
3557,3005
----6
3558,3054
----7
3559,3556
----6
3560,2933
----3
3561,1036
----2
3562,611
[2J[1;1H
FPS:1.5
Objects:

----2
3563,974
----6
3564,3011
----6
3565,3060
----7
3566,3563
----6
3567,2939
----3
3568,1039
----2
3569,613
[2J[1;1H
FPS:1.5
Objects:

----2
3570,976
----6
3571,3017
----6
3572,3066
----7
3573,3570
----6
3574,2945
----3
3575,1042
----1
3576,614
[2J[1;1H
FPS:1.5
Objects:

----2
3577,978
----6
3578,3023
----6
3579,3072
----7
3580,3577
----6
3581,2951
----3
3582,1045
----2
3583,616
[2J[1;1H
FPS:1.5
Objects:

----2
3584,980
----6
3585,3029
----6
3586,3078
----7
3587,3584
----6
3588,2957
----3
3589,1048
----2
3590,618
[2J[1;1H
FPS:1.6
Objects:

----2
3591,982
----6
3592,3035
----6
3593,3084
----7
3594,3591
----6
3595,2963
----3
3596,1051
----2
3597,620
[2J[1;1H
FPS:1.5
Objects:

----2
3598,984
----6
3599,3041
----6
3600,3090
----7
3601,3598
----6
3602,2969
----3
3603,1054
----2
3604,622
[2J[1;1H
FPS:1.5
Objects:

----2
3605,986
----6
3606,3047
----6
3607,3096
----7
3608,3605
----6
3609,2975
----3
3610,1057
----1
3611,623
[2J[1;1H
FPS:1.5
Objects:

----2
3612,988
----6
3613,3053
----6
3614,3102
----7
3615,3612
----6
3616,2981
----3
3617,1060
----2
3618,625
[2J[1;1H
FPS:1.5
Objects:

----2
3619,990
----6
3620,3059
----6
3621,3108
----7
3622,3619
----6
3623,2987
----3
3624,1063
----2
3625,627
[2J[1;1H
FPS:1.4
Objects:

----2
3626,992
----6
3627,3065
----6
3628,3114
----7
3629,3626
----6
3630,2993
----3
3631,1066
----2
3632,629
[2J[1;1H
FPS:1.4
Objects:

----2
3633,994
----6
3634,3071
----6
3635,3120
----7
3636,3633
----6
3637,2999
----3
3638,1069
----2
3639,631
[2J[1;1H
FPS:1.6
Objects:

----2
3640,996
----6
3641,3077
----6
3642,3126
----7
3643,3640
----6
3644,3005
----3
3645,1072
----2
3646,633
[2J[1;1H
FPS:1.4
Objects:

----2
3647,998
----6
3648,3083
----6
3649,3132
----7
3650,3647
----6
3651,3011
----3
3652,1075
----2
3653,635
[2J[1;1H
FPS:1.5
Objects:

----2
3654,1000
----6
3655,3089
----6
3656,3138
----7
3657,3654
----6
3658,3017
----3
3659,1078
----2
3660,637
[2J[1;1H
FPS:1.6
Objects:

----2
3661,1002
----6
3662,3095
----6
3663,3144
----7
3664,3661
----6
3665,3023
----3
3666,1081
----1
3667,638
[2J[1;1H
FPS:1.5
Objects:

----2
3668,1004
----6
3669,3101
----6
3670,3150
----7
3671,3668
----6
3672,3029
----2
3673,1083
----1
3674,639
[2J[1;1H
FPS:1.5
Objects:

----2
3675,1006
----6
3676,3107
----6
3677,3156
----7
3678,3675
----6
3679,3035
----3
3680,1086
----1
3681,640
[2J[1;1H
FPS:1.5
Objects:

----2
3682,1008
----6
3683,3113
----6
3684,3162
----7
3685,3682
----6
3686,3041
----3
3687,1089
----1
3688,641
[2J[1;1H
FPS:1.5
Objects:

----2
3689,1010
----6
3690,3119
----6
3691,3168
----7
3692,3689
----6
3693,3047
----2
3694,1091
----1
3695,642
[2J[1;1H
FPS:1.6
Objects:

----2
3696,1012
----6
3697,3125
----6
3698,3174
----7
3699,3696
----6
3700,3053
----2
3701,1093
----2
3702,644
[2J[1;1H
FPS:1.4
Objects:

----2
3703,1014
----6
3704,3131
----6
3705,3180
----7
3706,3703
----6
3707,3059
----2
3708,1095
----2
3709,646
[2J[1;1H
FPS:1.5
Objects:

----2
3710,1016
----6
3711,3137
----6
3712,3186
----7
3713,3710
----6
3714,3065
----2
3715,1097
----2
3716,648
[2J[1;1H
FPS:1.5
Objects:

li: 56%
----2
3717,1018
----6
3718,3143
----6
3719,3192
----7
3720,3717
----6
3721,3071
----2
3722,1099
----2
3723,650
[2J[1;1H
FPS:1.4
Objects:

li: 69%
----2
3724,1020
----6
3725,3149
----6
3726,3198
----7
3727,3724
----6
3728,3077
----2
3729,1101
----2
3730,652
[2J[1;1H
FPS:1.5
Objects:

li: 82%
----2
3731,1022
----6
3732,3155
----6
3733,3204
----7
3734,3731
----6
3735,3083
----2
3736,1103
----1
3737,653
[2J[1;1H
FPS:1.5
Objects:

li: 88%
----2
3738,1024
----6
3739,3161
----6
3740,3210
----7
3741,3738
----6
3742,3089
----2
3743,1105
----1
3744,654
[2J[1;1H
FPS:1.5
Objects:

li: 91%
----2
3745,1026
----6
3746,3167
----6
3747,3216
----7
3748,3745
----6
3749,3095
----2
3750,1107
----1
3751,655
[2J[1;1H
FPS:1.5
Objects:

li: 94%
----2
3752,1028
----6
3753,3173
----6
3754,3222
----7
3755,3752
----6
3756,3101
----2
3757,1109
----2
3758,657
[2J[1;1H
FPS:1.4
Objects:

li: 96%
----2
3759,1030
----6
3760,3179
----6
3761,3228
----7
3762,3759
----6
3763,3107
----2
3764,1111
----2
3765,659
[2J[1;1H
FPS:1.5
Objects:

li: 97%
----2
3766,1032
----6
3767,3185
----6
3768,3234
----7
3769,3766
----6
3770,3113
----2
3771,1113
----2
3772,661
[2J[1;1H
FPS:1.5
Objects:

li: 96%
----2
3773,1034
----6
3774,3191
----6
3775,3240
----7
3776,3773
----6
3777,3119
----2
3778,1115
----2
3779,663
[2J[1;1H
FPS:1.6
Objects:

li: 96%
----2
3780,1036
----6
3781,3197
----6
3782,3246
----7
3783,3780
----6
3784,3125
----2
3785,1117
----1
3786,664
[2J[1;1H
FPS:1.6
Objects:

li: 97%
----2
3787,1038
----6
3788,3203
----6
3789,3252
----7
3790,3787
----6
3791,3131
----2
3792,1119
----1
3793,665
[2J[1;1H
FPS:1.5
Objects:

li: 99%
----2
3794,1040
----6
3795,3209
----6
3796,3258
----7
3797,3794
----6
3798,3137
----2
3799,1121
----2
3800,667
[2J[1;1H
FPS:1.6
Objects:

li: 100%
----2
3801,1042
----6
3802,3215
----6
3803,3264
----7
3804,3801
----6
3805,3143
----2
3806,1123
----1
3807,668
[2J[1;1H
FPS:1.5
Objects:

li: 100%
----2
3808,1044
----6
3809,3221
----6
3810,3270
----7
3811,3808
----6
3812,3149
----2
3813,1125
----1
3814,669
[2J[1;1H
FPS:1.5
Objects:

li: 100%
----2
3815,1046
----6
3816,3227
----6
3817,3276
----7
3818,3815
----6
3819,3155
----2
3820,1127
----1
3821,670
[2J[1;1H
FPS:1.5
Objects:

li: 99%
----2
3822,1048
----6
3823,3233
----6
3824,3282
----7
3825,3822
----6
3826,3161
----2
3827,1129
----1
3828,671
[2J[1;1H
FPS:1.5
Objects:

li: 100%
----2
3829,1050
----6
3830,3239
----6
3831,3288
----7
3832,3829
----6
3833,3167
----2
3834,1131
----1
3835,672
[2J[1;1H
FPS:1.5
Objects:

li: 100%
----2
3836,1052
----6
3837,3245
----6
3838,3294
----7
3839,3836
----6
3840,3173
----2
3841,1133
----1
3842,673
[2J[1;1H
FPS:1.5
Objects:

li: 99%
----2
3843,1054
----6
3844,3251
----6
3845,3300
----7
3846,3843
----6
3847,3179
----2
3848,1135
----1
3849,674
[2J[1;1H
FPS:1.6
Objects:

li: 99%
----2
3850,1056
----6
3851,3257
----6
3852,3306
----7
3853,3850
----6
3854,3185
----2
3855,1137
----1
3856,675
[2J[1;1H
FPS:1.4
Objects:

li: 100%
----2
3857,1058
----6
3858,3263
----6
3859,3312
----7
3860,3857
----6
3861,3191
----2
3862,1139
----1
3863,676
[2J[1;1H
FPS:1.6
Objects:

li: 100%
----2
3864,1060
----6
3865,3269
----6
3866,3318
----7
3867,3864
----6
3868,3197
----2
3869,1141
----1
3870,677
[2J[1;1H
FPS:1.6
Objects:

li: 100%
----2
3871,1062
----6
3872,3275
----6
3873,3324
----7
3874,3871
----6
3875,3203
----2
3876,1143
----1
3877,678
[2J[1;1H
FPS:1.5
Objects:

li: 100%
----2
3878,1064
----6
3879,3281
----6
3880,3330
----7
3881,3878
----6
3882,3209
----2
3883,1145
----1
3884,679
[2J[1;1H
FPS:1.4
Objects:

li: 100%
----2
3885,1066
----6
3886,3287
----6
3887,3336
----7
3888,3885
----6
3889,3215
----2
3890,1147
----1
3891,680
[2J[1;1H
FPS:1.3
Objects:

li: 100%
----2
3892,1068
----6
3893,3293
----6
3894,3342
----7
3895,3892
----6
3896,3221
----2
3897,1149
----1
3898,681
[2J[1;1H
FPS:1.4
Objects:

li: 100%
----2
3899,1070
----6
3900,3299
----6
3901,3348
----7
3902,3899
----6
3903,3227
----2
3904,1151
----1
3905,682
[2J[1;1H
FPS:1.6
Objects:

li: 100%
----2
3906,1072
----6
3907,3305
----6
3908,3354
----7
3909,3906
----6
3910,3233
----2
3911,1153
----1
3912,683
[2J[1;1H
FPS:1.6
Objects:

li: 100%
----2
3913,1074
----6
3914,3311
----6
3915,3360
----7
3916,3913
----6
3917,3239
----2
3918,1155
----1
3919,684
[2J[1;1H
FPS:1.5
Objects:

li: 100%
----2
3920,1076
----6
3921,3317
----6
3922,3366
----7
3923,3920
----6
3924,3245
----2
3925,1157
----1
3926,685
[2J[1;1H
FPS:1.6
Objects:

li: 100%
----2
3927,1078
----6
3928,3323
----6
3929,3372
----7
3930,3927
----6
3931,3251
----2
3932,1159
----1
3933,686
[2J[1;1H
FPS:1.6
Objects:

li: 100%
----2
3934,1080
----6
3935,3329
----6
3936,3378
----7
3937,3934
----6
3938,3257
----2
3939,1161
----1
3940,687
[2J[1;1H
FPS:1.5
Objects:

li: 100%
----2
3941,1082
----6
3942,3335
----6
3943,3384
----7
3944,3941
----6
3945,3263
----2
3946,1163
----1
3947,688
[2J[1;1H
FPS:1.5
Objects:

li: 100%
----2
3948,1084
----6
3949,3341
----6
3950,3390
----7
3951,3948
----6
3952,3269
----2
3953,1165
----1
3954,689
[2J[1;1H
FPS:1.5
Objects:

li: 100%
----2
3955,1086
----6
3956,3347
----6
3957,3396
----7
3958,3955
----6
3959,3275
----2
3960,1167
----1
3961,690
[2J[1;1H
FPS:1.6
Objects:

li: 100%
----2
3962,1088
----6
3963,3353
----6
3964,3402
----7
3965,3962
----6
3966,3281
----2
3967,1169
----1
3968,691
[2J[1;1H
FPS:1.5
Objects:

li: 100%
----2
3969,1090
----6
3970,3359
----6
3971,3408
----7
3972,3969
----6
3973,3287
----2
3974,1171
----1
3975,692
[2J[1;1H
FPS:1.5
Objects:

li: 100%
----2
3976,1092
----6
3977,3365
----6
3978,3414
----7
3979,3976
----6
3980,3293
----2
3981,1173
----1
3982,693
[2J[1;1H
FPS:1.6
Objects:

li: 100%
----2
3983,1094
----6
3984,3371
----6
3985,3420
----7
3986,3983
----6
3987,3299
----2
3988,1175
----1
3989,694
[2J[1;1H
FPS:1.5
Objects:

li: 100%
----2
3990,1096
----6
3991,3377
----6
3992,3426
----7
3993,3990
----6
3994,3305
----2
3995,1177
----1
3996,695
[2J[1;1H
FPS:1.6
Objects:

li: 100%
