Demo
video file: data/test2.mp4
----2
0,2
----6
1,6
----6
2,6
----7
3,7
----5
4,5
----1
5,1
----1
6,1
[2J[1;1H
FPS:6288.3
Objects:

----2
7,4
----6
8,12
----6
9,12
----7
10,14
----5
11,10
----1
12,2
----1
13,2
[2J[1;1H
FPS:1.1
Objects:

----2
14,6
----6
15,18
----6
16,18
----7
17,21
----5
18,15
----1
19,3
----1
20,3
[2J[1;1H
FPS:1.6
Objects:

lei: 100%
li: 100%
xia: 100%
----2
21,8
----6
22,24
----6
23,24
----6
24,27
----5
25,20
----1
26,4
----1
27,4
[2J[1;1H
FPS:1.3
Objects:

lei: 100%
li: 100%
xia: 100%
----2
28,10
----6
29,30
----6
30,30
----6
31,33
----5
32,25
----1
33,5
----1
34,5
[2J[1;1H
FPS:1.5
Objects:

lei: 100%
li: 100%
xia: 100%
----2
35,12
----6
36,36
----6
37,36
----6
38,39
----5
39,30
----1
40,6
----1
41,6
[2J[1;1H
FPS:1.5
Objects:

lei: 100%
li: 100%
xia: 100%
----2
42,14
----6
43,42
----6
44,42
----6
45,45
----5
46,35
----1
47,7
----1
48,7
[2J[1;1H
FPS:1.5
Objects:

lei: 100%
li: 100%
xia: 100%
----2
49,16
----6
50,48
----6
51,48
----6
52,51
----5
53,40
----2
54,9
----1
55,8
[2J[1;1H
FPS:1.4
Objects:

lei: 100%
li: 100%
xia: 100%
----2
56,18
----6
57,54
----6
58,54
----6
59,57
----5
60,45
----2
61,11
----1
62,9
[2J[1;1H
FPS:1.4
Objects:

lei: 100%
li: 100%
xia: 100%
----2
63,20
----6
64,60
----6
65,60
----6
66,63
----5
67,50
----2
68,13
----1
69,10
[2J[1;1H
FPS:1.5
Objects:

lei: 100%
li: 100%
xia: 100%
----2
70,22
----6
71,66
----6
72,66
----6
73,69
----5
74,55
----2
75,15
----1
76,11
[2J[1;1H
FPS:1.2
Objects:

lei: 100%
li: 100%
xia: 100%
----2
77,24
----6
78,72
----6
79,72
----6
80,75
----5
81,60
----2
82,17
----1
83,12
[2J[1;1H
FPS:1.1
Objects:

lei: 100%
li: 100%
xia: 100%
----2
84,26
----6
85,78
----6
86,78
----6
87,81
----5
88,65
----1
89,18
----1
90,13
[2J[1;1H
FPS:1.4
Objects:

lei: 100%
li: 100%
xia: 100%
----2
91,28
----6
92,84
----6
93,84
----6
94,87
----5
95,70
----1
96,19
----1
97,14
[2J[1;1H
FPS:1.4
Objects:

lei: 100%
li: 100%
xia: 100%
----2
98,30
----6
99,90
----6
100,90
----7
101,94
----5
102,75
----1
103,20
----1
104,15
[2J[1;1H
FPS:1.5
Objects:

lei: 100%
li: 100%
xia: 100%
----2
105,32
----6
106,96
----6
107,96
----7
108,101
----5
109,80
----1
110,21
----1
111,16
[2J[1;1H
FPS:1.5
Objects:

lei: 100%
li: 100%
xia: 100%
----2
112,34
----6
113,102
----6
114,102
----7
115,108
----5
116,85
----1
117,22
----1
118,17
[2J[1;1H
FPS:1.5
Objects:

lei: 100%
li: 100%
xia: 100%
----2
119,36
----6
120,108
----6
121,108
----7
122,115
----5
123,90
----1
124,23
----1
125,18
[2J[1;1H
FPS:1.5
Objects:

lei: 100%
li: 100%
xia: 100%
----2
126,38
----6
127,114
----6
128,114
----7
129,122
----5
130,95
----1
131,24
----1
132,19
[2J[1;1H
FPS:1.6
Objects:

lei: 100%
li: 100%
xia: 100%
----2
133,40
----6
134,120
----6
135,120
----7
136,129
----5
137,100
----1
138,25
----1
139,20
[2J[1;1H
FPS:1.5
Objects:

lei: 100%
li: 100%
xia: 100%
----2
140,42
----6
141,126
----6
142,126
----7
143,136
----5
144,105
----1
145,26
----1
146,21
[2J[1;1H
FPS:1.4
Objects:

lei: 100%
li: 100%
xia: 100%
----2
147,44
----6
148,132
----6
149,132
----7
150,143
----5
151,110
----1
152,27
----1
153,22
[2J[1;1H
FPS:1.5
Objects:

lei: 100%
li: 100%
xia: 100%
----2
154,46
----6
155,138
----6
156,138
----7
157,150
----5
158,115
----1
159,28
----1
160,23
[2J[1;1H
FPS:1.4
Objects:

xia: 100%
lei: 100%
li: 100%
----2
161,48
----6
162,144
----6
163,144
----7
164,157
----5
165,120
----1
166,29
----1
167,24
[2J[1;1H
FPS:1.6
Objects:

xia: 100%
lei: 100%
li: 100%
----2
168,50
----6
169,150
----6
170,150
----7
171,164
----5
172,125
----1
173,30
----1
174,25
[2J[1;1H
FPS:1.5
Objects:

xia: 100%
lei: 100%
li: 100%
----2
175,52
----6
176,156
----6
177,156
----7
178,171
----5
179,130
----1
180,31
----1
181,26
[2J[1;1H
FPS:1.4
Objects:

xia: 100%
lei: 100%
li: 100%
----2
182,54
----6
183,162
----6
184,162
----7
185,178
----5
186,135
----1
187,32
----1
188,27
[2J[1;1H
FPS:1.4
Objects:

xia: 100%
lei: 100%
li: 100%
----2
189,56
----6
190,168
----6
191,168
----7
192,185
----5
193,140
----1
194,33
----1
195,28
[2J[1;1H
FPS:1.4
Objects:

li: 100%
xia: 100%
lei: 100%
----1
196,57
----6
197,174
----6
198,174
----7
199,192
----5
200,145
----1
201,34
----1
202,29
[2J[1;1H
FPS:1.5
Objects:

li: 100%
lei: 100%
xia: 100%
----1
203,58
----6
204,180
----6
205,180
----7
206,199
----5
207,150
----1
208,35
----1
209,30
[2J[1;1H
FPS:1.5
Objects:

li: 100%
lei: 100%
xia: 100%
----2
210,60
----6
211,186
----6
212,186
----7
213,206
----5
214,155
----2
215,37
----1
216,31
[2J[1;1H
FPS:1.5
Objects:

li: 100%
lei: 100%
xia: 100%
----1
217,61
----6
218,192
----6
219,192
----7
220,213
----5
221,160
----2
222,39
----1
223,32
[2J[1;1H
FPS:1.5
Objects:

li: 100%
lei: 100%
xia: 100%
----2
224,63
----5
225,197
----6
226,198
----7
227,220
----5
228,165
----1
229,40
----1
230,33
[2J[1;1H
FPS:1.5
Objects:

li: 100%
lei: 100%
xia: 98%
----2
231,65
----5
232,202
----6
233,204
----7
234,227
----5
235,170
----1
236,41
----1
237,34
[2J[1;1H
FPS:1.4
Objects:

li: 100%
lei: 100%
xia: 100%
----2
238,67
----6
239,208
----6
240,210
----7
241,234
----5
242,175
----1
243,42
----1
244,35
[2J[1;1H
FPS:1.5
Objects:

li: 100%
lei: 100%
xia: 100%
----2
245,69
----5
246,213
----6
247,216
----7
248,241
----5
249,180
----1
250,43
----1
251,36
[2J[1;1H
FPS:1.5
Objects:

li: 100%
lei: 100%
xia: 100%
----2
252,71
----5
253,218
----6
254,222
----7
255,248
----5
256,185
----2
257,45
----1
258,37
[2J[1;1H
FPS:1.5
Objects:

li: 100%
xia: 100%
lei: 100%
----2
259,73
----5
260,223
----6
261,228
----7
262,255
----5
263,190
----2
264,47
----1
265,38
[2J[1;1H
FPS:1.5
Objects:

xia: 100%
li: 100%
lei: 100%
----2
266,75
----5
267,228
----6
268,234
----7
269,262
----5
270,195
----1
271,48
----1
272,39
[2J[1;1H
FPS:1.4
Objects:

li: 100%
lei: 100%
xia: 100%
----2
273,77
----5
274,233
----6
275,240
----7
276,269
----5
277,200
----1
278,49
----1
279,40
[2J[1;1H
FPS:1.5
Objects:

li: 100%
lei: 100%
xia: 90%
----2
280,79
----5
281,238
----6
282,246
----7
283,276
----5
284,205
----1
285,50
----1
286,41
[2J[1;1H
FPS:1.5
Objects:

xia: 100%
li: 100%
lei: 100%
----2
287,81
----5
288,243
----6
289,252
----7
290,283
----5
291,210
----2
292,52
----1
293,42
[2J[1;1H
FPS:1.5
Objects:

xia: 100%
li: 100%
lei: 100%
----2
294,83
----5
295,248
----6
296,258
----7
297,290
----5
298,215
----1
299,53
----1
300,43
[2J[1;1H
FPS:1.5
Objects:

xia: 100%
li: 100%
lei: 100%
----2
301,85
----5
302,253
----6
303,264
----7
304,297
----5
305,220
----1
306,54
----1
307,44
[2J[1;1H
FPS:1.5
Objects:

li: 100%
lei: 100%
xia: 91%
----2
308,87
----5
309,258
----6
310,270
----7
311,304
----5
312,225
----1
313,55
----1
314,45
[2J[1;1H
FPS:1.4
Objects:

lei: 100%
li: 100%
xia: 100%
----2
315,89
----5
316,263
----6
317,276
----7
318,311
----5
319,230
----1
320,56
----1
321,46
[2J[1;1H
FPS:1.4
Objects:

lei: 100%
li: 100%
xia: 100%
----2
322,91
----5
323,268
----6
324,282
----7
325,318
----5
326,235
----1
327,57
----1
328,47
[2J[1;1H
FPS:1.4
Objects:

lei: 100%
li: 100%
xia: 100%
----2
329,93
----5
330,273
----6
331,288
----7
332,325
----5
333,240
----1
334,58
----1
335,48
[2J[1;1H
FPS:1.6
Objects:

lei: 100%
li: 100%
xia: 100%
----2
336,95
----5
337,278
----6
338,294
----7
339,332
----5
340,245
----1
341,59
----1
342,49
[2J[1;1H
FPS:1.6
Objects:

lei: 100%
li: 100%
xia: 90%
----2
343,97
----5
344,283
----6
345,300
----7
346,339
----5
347,250
----1
348,60
----1
349,50
[2J[1;1H
FPS:1.5
Objects:

lei: 100%
xia: 100%
li: 100%
----2
350,99
----5
351,288
----6
352,306
----7
353,346
----5
354,255
----1
355,61
----1
356,51
[2J[1;1H
FPS:1.5
Objects:

lei: 100%
xia: 100%
li: 100%
----2
357,101
----5
358,293
----6
359,312
----7
360,353
----5
361,260
----1
362,62
----1
363,52
[2J[1;1H
FPS:1.6
Objects:

lei: 100%
xia: 100%
li: 100%
----1
364,102
----5
365,298
----6
366,318
----7
367,360
----5
368,265
----1
369,63
----1
370,53
[2J[1;1H
FPS:1.4
Objects:

lei: 100%
xia: 100%
li: 100%
----2
371,104
----5
372,303
----6
373,324
----7
374,367
----5
375,270
----1
376,64
----1
377,54
[2J[1;1H
FPS:1.5
Objects:

lei: 100%
li: 100%
xia: 100%
----2
378,106
----5
379,308
----6
380,330
----7
381,374
----5
382,275
----1
383,65
----1
384,55
[2J[1;1H
FPS:1.6
Objects:

lei: 100%
li: 100%
xia: 100%
----2
385,108
----5
386,313
----6
387,336
----7
388,381
----5
389,280
----1
390,66
----1
391,56
[2J[1;1H
FPS:1.5
Objects:

lei: 100%
li: 100%
xia: 100%
----2
392,110
----5
393,318
----6
394,342
----7
395,388
----5
396,285
----1
397,67
----1
398,57
[2J[1;1H
FPS:1.5
Objects:

lei: 100%
li: 100%
xia: 100%
----2
399,112
----5
400,323
----6
401,348
----7
402,395
----5
403,290
----1
404,68
----1
405,58
[2J[1;1H
FPS:1.5
Objects:

lei: 100%
li: 100%
xia: 100%
----2
406,114
----5
407,328
----6
408,354
----7
409,402
----5
410,295
----1
411,69
----1
412,59
[2J[1;1H
FPS:1.4
Objects:

lei: 100%
li: 100%
xia: 100%
----2
413,116
----5
414,333
----6
415,360
----7
416,409
----5
417,300
----1
418,70
----1
419,60
[2J[1;1H
FPS:1.5
Objects:

lei: 100%
xia: 100%
li: 100%
----1
420,117
----5
421,338
----6
422,366
----7
423,416
----5
424,305
----1
425,71
----1
426,61
[2J[1;1H
FPS:1.5
Objects:

lei: 100%
xia: 100%
li: 100%
----1
427,118
----5
428,343
----6
429,372
----7
430,423
----5
431,310
----1
432,72
----1
433,62
[2J[1;1H
FPS:1.5
Objects:

lei: 100%
xia: 100%
li: 100%
----1
434,119
----5
435,348
----6
436,378
----7
437,430
----5
438,315
----1
439,73
----1
440,63
[2J[1;1H
FPS:1.5
Objects:

lei: 100%
xia: 100%
li: 100%
----1
441,120
----5
442,353
----6
443,384
----7
444,437
----5
445,320
----1
446,74
----1
447,64
[2J[1;1H
FPS:1.5
Objects:

lei: 100%
xia: 100%
li: 100%
----2
448,122
----5
449,358
----6
450,390
----7
451,444
----5
452,325
----1
453,75
----1
454,65
[2J[1;1H
FPS:1.3
Objects:

lei: 100%
xia: 100%
li: 100%
----2
455,124
----5
456,363
----6
457,396
----7
458,451
----5
459,330
----1
460,76
----1
461,66
[2J[1;1H
FPS:1.5
Objects:

lei: 100%
xia: 100%
li: 100%
----2
462,126
----5
463,368
----6
464,402
----7
465,458
----5
466,335
----1
467,77
----1
468,67
[2J[1;1H
FPS:1.5
Objects:

xia: 100%
lei: 100%
li: 100%
----1
469,127
----5
470,373
----6
471,408
----7
472,465
----5
473,340
----1
474,78
----1
475,68
[2J[1;1H
FPS:1.5
Objects:

lei: 100%
xia: 100%
li: 100%
----1
476,128
----5
477,378
----6
478,414
----7
479,472
----5
480,345
----1
481,79
----1
482,69
[2J[1;1H
FPS:1.5
Objects:

lei: 100%
xia: 100%
li: 100%
----1
483,129
----5
484,383
----6
485,420
----7
486,479
----5
487,350
----1
488,80
----1
489,70
[2J[1;1H
FPS:1.5
Objects:

lei: 100%
xia: 100%
li: 100%
----2
490,131
----5
491,388
----6
492,426
----7
493,486
----5
494,355
----1
495,81
----1
496,71
[2J[1;1H
FPS:1.4
Objects:

lei: 100%
xia: 100%
li: 100%
----2
497,133
----5
498,393
----6
499,432
----7
500,493
----5
501,360
----1
502,82
----1
503,72
[2J[1;1H
FPS:1.5
Objects:

lei: 100%
xia: 100%
li: 100%
----2
504,135
----5
505,398
----6
506,438
----7
507,500
----5
508,365
----1
509,83
----1
510,73
[2J[1;1H
FPS:1.5
Objects:

lei: 100%
xia: 100%
li: 100%
----1
511,136
----5
512,403
----6
513,444
----7
514,507
----5
515,370
----1
516,84
----1
517,74
[2J[1;1H
FPS:1.5
Objects:

lei: 100%
xia: 100%
li: 100%
----2
518,138
----5
519,408
----6
520,450
----7
521,514
----5
522,375
----1
523,85
----1
524,75
[2J[1;1H
FPS:1.3
Objects:

lei: 100%
xia: 100%
li: 100%
----2
525,140
----5
526,413
----6
527,456
----7
528,521
----5
529,380
----1
530,86
----1
531,76
[2J[1;1H
FPS:0.9
Objects:

lei: 100%
xia: 100%
li: 100%
----2
532,142
----5
533,418
----6
534,462
----7
535,528
----5
536,385
----1
537,87
----1
538,77
[2J[1;1H
FPS:1.2
Objects:

lei: 100%
xia: 100%
li: 100%
----2
539,144
----5
540,423
----6
541,468
----7
542,535
----5
543,390
----1
544,88
----1
545,78
[2J[1;1H
FPS:0.7
Objects:

lei: 100%
xia: 100%
li: 100%
----2
546,146
----5
547,428
----6
548,474
----7
549,542
----5
550,395
----1
551,89
----1
552,79
[2J[1;1H
FPS:1.0
Objects:

lei: 100%
xia: 100%
li: 100%
----2
553,148
----5
554,433
----6
555,480
----7
556,549
----5
557,400
----1
558,90
----1
559,80
[2J[1;1H
FPS:1.3
Objects:

xia: 100%
li: 100%
lei: 100%
----2
560,150
----5
561,438
----6
562,486
----7
563,556
----5
564,405
----1
565,91
----1
566,81
[2J[1;1H
FPS:0.8
Objects:

lei: 100%
xia: 100%
li: 100%
----2
567,152
----5
568,443
----6
569,492
----7
570,563
----5
571,410
----1
572,92
----1
573,82
[2J[1;1H
FPS:1.1
Objects:

lei: 100%
xia: 100%
li: 100%
----2
574,154
----5
575,448
----6
576,498
----7
577,570
----5
578,415
----1
579,93
----1
580,83
[2J[1;1H
FPS:1.0
Objects:

lei: 100%
xia: 100%
li: 100%
----2
581,156
----5
582,453
----6
583,504
----7
584,577
----5
585,420
----1
586,94
----1
587,84
[2J[1;1H
FPS:1.3
Objects:

lei: 100%
xia: 100%
li: 100%
----2
588,158
----5
589,458
----6
590,510
----7
591,584
----5
592,425
----1
593,95
----1
594,85
[2J[1;1H
FPS:1.5
Objects:

lei: 100%
xia: 100%
li: 100%
----2
595,160
----5
596,463
----6
597,516
----7
598,591
----5
599,430
----2
600,97
----1
601,86
[2J[1;1H
FPS:1.4
Objects:

lei: 100%
xia: 100%
li: 100%
----2
602,162
----5
603,468
----6
604,522
----7
605,598
----5
606,435
----1
607,98
----1
608,87
[2J[1;1H
FPS:1.5
Objects:

lei: 100%
xia: 100%
li: 100%
----2
609,164
----5
610,473
----6
611,528
----7
612,605
----5
613,440
----1
614,99
----1
615,88
[2J[1;1H
FPS:1.5
Objects:

lei: 100%
xia: 100%
li: 100%
----2
616,166
----5
617,478
----6
618,534
----7
619,612
----5
620,445
----1
621,100
----1
622,89
[2J[1;1H
FPS:1.6
Objects:

xia: 100%
li: 100%
lei: 100%
----2
623,168
----5
624,483
----6
625,540
----7
626,619
----5
627,450
----1
628,101
----1
629,90
[2J[1;1H
FPS:1.5
Objects:

xia: 100%
li: 100%
lei: 100%
----2
630,170
----5
631,488
----6
632,546
----7
633,626
----5
634,455
----1
635,102
----1
636,91
[2J[1;1H
FPS:1.5
Objects:

xia: 100%
li: 100%
lei: 100%
----1
637,171
----5
638,493
----6
639,552
----7
640,633
----5
641,460
----1
642,103
----1
643,92
[2J[1;1H
FPS:1.6
Objects:

xia: 100%
lei: 100%
li: 100%
----2
644,173
----5
645,498
----6
646,558
----7
647,640
----5
648,465
----1
649,104
----1
650,93
[2J[1;1H
FPS:1.5
Objects:

xia: 100%
lei: 100%
li: 100%
----2
651,175
----5
652,503
----6
653,564
----7
654,647
----5
655,470
----1
656,105
----1
657,94
[2J[1;1H
FPS:1.6
Objects:

xia: 100%
lei: 100%
li: 100%
----1
658,176
----5
659,508
----6
660,570
----7
661,654
----5
662,475
----1
663,106
----1
664,95
[2J[1;1H
FPS:1.5
Objects:

xia: 100%
lei: 100%
li: 100%
----2
665,178
----5
666,513
----6
667,576
----7
668,661
----5
669,480
----1
670,107
----1
671,96
[2J[1;1H
FPS:1.5
Objects:

xia: 100%
lei: 100%
li: 100%
----2
672,180
----5
673,518
----6
674,582
----7
675,668
----5
676,485
----1
677,108
----1
678,97
[2J[1;1H
FPS:1.5
Objects:

xia: 100%
lei: 100%
li: 100%
----1
679,181
----5
680,523
----6
681,588
----7
682,675
----6
683,491
----1
684,109
----1
685,98
[2J[1;1H
FPS:1.5
Objects:

xia: 100%
lei: 100%
li: 100%
----1
686,182
----5
687,528
----6
688,594
----7
689,682
----5
690,496
----1
691,110
----1
692,99
[2J[1;1H
FPS:1.5
Objects:

xia: 100%
lei: 100%
li: 100%
----2
693,184
----5
694,533
----6
695,600
----7
696,689
----5
697,501
----1
698,111
----1
699,100
[2J[1;1H
FPS:1.6
Objects:

xia: 100%
lei: 100%
li: 100%
----2
700,186
----5
701,538
----6
702,606
----7
703,696
----5
704,506
----1
705,112
----1
706,101
[2J[1;1H
FPS:1.5
Objects:

xia: 100%
lei: 100%
li: 99%
----2
707,188
----5
708,543
----6
709,612
----7
710,703
----6
711,512
----1
712,113
----1
713,102
[2J[1;1H
FPS:1.3
Objects:

xia: 100%
lei: 100%
li: 100%
----2
714,190
----5
715,548
----6
716,618
----7
717,710
----5
718,517
----1
719,114
----1
720,103
[2J[1;1H
FPS:1.6
Objects:

xia: 100%
lei: 100%
li: 100%
----2
721,192
----5
722,553
----6
723,624
----7
724,717
----6
725,523
----1
726,115
----1
727,104
[2J[1;1H
FPS:1.6
Objects:

xia: 100%
lei: 100%
li: 100%
----1
728,193
----5
729,558
----6
730,630
----7
731,724
----6
732,529
----1
733,116
----1
734,105
[2J[1;1H
FPS:1.6
Objects:

xia: 100%
lei: 100%
li: 100%
----2
735,195
----5
736,563
----6
737,636
----7
738,731
----5
739,534
----1
740,117
----1
741,106
[2J[1;1H
FPS:1.5
Objects:

xia: 100%
lei: 100%
li: 100%
----2
742,197
----5
743,568
----6
744,642
----7
745,738
----6
746,540
----1
747,118
----1
748,107
[2J[1;1H
FPS:1.5
Objects:

xia: 100%
lei: 100%
li: 99%
