Demo
video file: data/test1.mp4
----1
0,1
----5
1,5
----6
2,6
----7
3,7
----5
4,5
----2
5,2
----1
6,1
[2J[1;1H
FPS:892.0
Objects:

----1
7,2
----5
8,10
----6
9,12
----7
10,14
----5
11,10
----2
12,4
----1
13,2
[2J[1;1H
FPS:0.8
Objects:

----1
14,3
----5
15,15
----6
16,18
----7
17,21
----5
18,15
----2
19,6
----1
20,3
[2J[1;1H
FPS:1.1
Objects:

lei: 100%
----1
21,4
----5
22,20
----6
23,24
----7
24,28
----5
25,20
----2
26,8
----2
27,5
[2J[1;1H
FPS:1.4
Objects:

lei: 100%
----1
28,5
----5
29,25
----6
30,30
----7
31,35
----5
32,25
----2
33,10
----1
34,6
[2J[1;1H
FPS:1.5
Objects:

lei: 100%
----2
35,7
----5
36,30
----6
37,36
----7
38,42
----5
39,30
----2
40,12
----2
41,8
[2J[1;1H
FPS:1.5
Objects:

lei: 100%
----1
42,8
----5
43,35
----6
44,42
----7
45,49
----5
46,35
----2
47,14
----2
48,10
[2J[1;1H
FPS:1.5
Objects:

lei: 100%
----1
49,9
----5
50,40
----6
51,48
----7
52,56
----5
53,40
----2
54,16
----1
55,11
[2J[1;1H
FPS:1.5
Objects:

lei: 100%
----2
56,11
----5
57,45
----6
58,54
----7
59,63
----5
60,45
----2
61,18
----1
62,12
[2J[1;1H
FPS:1.6
Objects:

lei: 100%
----2
63,13
----5
64,50
----6
65,60
----7
66,70
----5
67,50
----2
68,20
----1
69,13
[2J[1;1H
FPS:1.5
Objects:

lei: 100%
----2
70,15
----5
71,55
----6
72,66
----7
73,77
----5
74,55
----2
75,22
----1
76,14
[2J[1;1H
FPS:1.5
Objects:

lei: 100%
----1
77,16
----5
78,60
----6
79,72
----7
80,84
----5
81,60
----2
82,24
----1
83,15
[2J[1;1H
FPS:1.2
Objects:

lei: 100%
----1
84,17
----5
85,65
----6
86,78
----7
87,91
----5
88,65
----2
89,26
----1
90,16
[2J[1;1H
FPS:1.4
Objects:

lei: 100%
----1
91,18
----5
92,70
----6
93,84
----7
94,98
----5
95,70
----3
96,29
----1
97,17
[2J[1;1H
FPS:1.4
Objects:

lei: 100%
----2
98,20
----5
99,75
----6
100,90
----7
101,105
----5
102,75
----2
103,31
----1
104,18
[2J[1;1H
FPS:1.4
Objects:

lei: 100%
----2
105,22
----6
106,81
----6
107,96
----7
108,112
----5
109,80
----2
110,33
----1
111,19
[2J[1;1H
FPS:1.3
Objects:

lei: 100%
----2
112,24
----5
113,86
----6
114,102
----7
115,119
----5
116,85
----2
117,35
----1
118,20
[2J[1;1H
FPS:1.3
Objects:

lei: 100%
----2
119,26
----5
120,91
----6
121,108
----7
122,126
----5
123,90
----2
124,37
----1
125,21
[2J[1;1H
FPS:1.4
Objects:

lei: 100%
----2
126,28
----5
127,96
----6
128,114
----7
129,133
----6
130,96
----2
131,39
----1
132,22
[2J[1;1H
FPS:1.5
Objects:

lei: 100%
----2
133,30
----6
134,102
----6
135,120
----7
136,140
----6
137,102
----2
138,41
----1
139,23
[2J[1;1H
FPS:1.3
Objects:

lei: 100%
----2
140,32
----5
141,107
----6
142,126
----7
143,147
----6
144,108
----2
145,43
----2
146,25
[2J[1;1H
FPS:1.3
Objects:

lei: 100%
----2
147,34
----5
148,112
----6
149,132
----7
150,154
----6
151,114
----2
152,45
----1
153,26
[2J[1;1H
FPS:1.3
Objects:

lei: 100%
----2
154,36
----5
155,117
----6
156,138
----7
157,161
----6
158,120
----2
159,47
----2
160,28
[2J[1;1H
FPS:1.5
Objects:

lei: 100%
----1
161,37
----6
162,123
----6
163,144
----7
164,168
----5
165,125
----2
166,49
----2
167,30
[2J[1;1H
FPS:1.4
Objects:

lei: 100%
----1
168,38
----5
169,128
----6
170,150
----7
171,175
----5
172,130
----2
173,51
----2
174,32
[2J[1;1H
FPS:1.2
Objects:

lei: 100%
----1
175,39
----5
176,133
----6
177,156
----7
178,182
----5
179,135
----2
180,53
----1
181,33
[2J[1;1H
FPS:1.5
Objects:

lei: 100%
----2
182,41
----5
183,138
----6
184,162
----7
185,189
----5
186,140
----2
187,55
----1
188,34
[2J[1;1H
FPS:1.4
Objects:

lei: 100%
----2
189,43
----5
190,143
----6
191,168
----7
192,196
----5
193,145
----2
194,57
----1
195,35
[2J[1;1H
FPS:1.4
Objects:

lei: 100%
----1
196,44
----5
197,148
----6
198,174
----7
199,203
----5
200,150
----2
201,59
----1
202,36
[2J[1;1H
FPS:1.4
Objects:

lei: 100%
----2
203,46
----5
204,153
----6
205,180
----7
206,210
----5
207,155
----2
208,61
----1
209,37
[2J[1;1H
FPS:1.5
Objects:

lei: 100%
----1
210,47
----5
211,158
----6
212,186
----7
213,217
----5
214,160
----2
215,63
----1
216,38
[2J[1;1H
FPS:1.5
Objects:

lei: 100%
----1
217,48
----5
218,163
----6
219,192
----7
220,224
----5
221,165
----2
222,65
----1
223,39
[2J[1;1H
FPS:1.5
Objects:

lei: 100%
----2
224,50
----5
225,168
----6
226,198
----7
227,231
----5
228,170
----2
229,67
----1
230,40
[2J[1;1H
FPS:0.9
Objects:

lei: 100%
----2
231,52
----5
232,173
----6
233,204
----7
234,238
----5
235,175
----2
236,69
----1
237,41
[2J[1;1H
FPS:0.7
Objects:

lei: 100%
----1
238,53
----5
239,178
----6
240,210
----7
241,245
----5
242,180
----2
243,71
----1
244,42
[2J[1;1H
FPS:0.8
Objects:

lei: 100%
----1
245,54
----5
246,183
----6
247,216
----7
248,252
----5
249,185
----2
250,73
----1
251,43
[2J[1;1H
FPS:0.9
Objects:

lei: 100%
----1
252,55
----5
253,188
----6
254,222
----7
255,259
----5
256,190
----2
257,75
----1
258,44
[2J[1;1H
FPS:1.1
Objects:

lei: 100%
----1
259,56
----5
260,193
----6
261,228
----7
262,266
----5
263,195
----2
264,77
----1
265,45
[2J[1;1H
FPS:1.4
Objects:

lei: 100%
----1
266,57
----5
267,198
----6
268,234
----7
269,273
----5
270,200
----2
271,79
----1
272,46
[2J[1;1H
FPS:1.4
Objects:

lei: 100%
----2
273,59
----5
274,203
----6
275,240
----7
276,280
----5
277,205
----2
278,81
----1
279,47
[2J[1;1H
FPS:1.6
Objects:

lei: 100%
----2
280,61
----5
281,208
----6
282,246
----7
283,287
----6
284,211
----2
285,83
----2
286,49
[2J[1;1H
FPS:1.5
Objects:

lei: 100%
----1
287,62
----6
288,214
----6
289,252
----7
290,294
----5
291,216
----2
292,85
----1
293,50
[2J[1;1H
FPS:1.5
Objects:

lei: 100%
----2
294,64
----5
295,219
----6
296,258
----7
297,301
----6
298,222
----2
299,87
----1
300,51
[2J[1;1H
FPS:1.5
Objects:

lei: 100%
----2
301,66
----6
302,225
----6
303,264
----7
304,308
----6
305,228
----2
306,89
----1
307,52
[2J[1;1H
FPS:1.5
Objects:

lei: 100%
----2
308,68
----6
309,231
----6
310,270
----7
311,315
----6
312,234
----2
313,91
----1
314,53
[2J[1;1H
FPS:1.5
Objects:

lei: 100%
----2
315,70
----6
316,237
----6
317,276
----7
318,322
----6
319,240
----2
320,93
----1
321,54
[2J[1;1H
FPS:1.5
Objects:

lei: 100%
----2
322,72
----5
323,242
----6
324,282
----7
325,329
----6
326,246
----2
327,95
----1
328,55
[2J[1;1H
FPS:1.5
Objects:

lei: 100%
----2
329,74
----5
330,247
----6
331,288
----7
332,336
----6
333,252
----2
334,97
----1
335,56
[2J[1;1H
FPS:1.5
Objects:

lei: 100%
----2
336,76
----6
337,253
----6
338,294
----7
339,343
----5
340,257
----2
341,99
----1
342,57
[2J[1;1H
FPS:1.5
Objects:

lei: 100%
----2
343,78
----5
344,258
----6
345,300
----7
346,350
----5
347,262
----2
348,101
----1
349,58
[2J[1;1H
FPS:1.6
Objects:

lei: 100%
----2
350,80
----5
351,263
----6
352,306
----7
353,357
----5
354,267
----2
355,103
----1
356,59
[2J[1;1H
FPS:1.6
Objects:

lei: 100%
----2
357,82
----5
358,268
----6
359,312
----7
360,364
----5
361,272
----2
362,105
----1
363,60
[2J[1;1H
FPS:1.5
Objects:

lei: 100%
----2
364,84
----5
365,273
----6
366,318
----7
367,371
----5
368,277
----2
369,107
----1
370,61
[2J[1;1H
FPS:1.6
Objects:

lei: 100%
----2
371,86
----6
372,279
----6
373,324
----7
374,378
----5
375,282
----2
376,109
----1
377,62
[2J[1;1H
FPS:1.5
Objects:

lei: 100%
----2
378,88
----6
379,285
----6
380,330
----7
381,385
----6
382,288
----2
383,111
----1
384,63
[2J[1;1H
FPS:1.6
Objects:

lei: 99%
----2
385,90
----6
386,291
----6
387,336
----7
388,392
----6
389,294
----2
390,113
----1
391,64
[2J[1;1H
FPS:1.4
Objects:

lei: 99%
----2
392,92
----5
393,296
----6
394,342
----7
395,399
----6
396,300
----2
397,115
----2
398,66
[2J[1;1H
FPS:1.4
Objects:

lei: 99%
----2
399,94
----5
400,301
----6
401,348
----7
402,406
----6
403,306
----2
404,117
----2
405,68
[2J[1;1H
FPS:1.5
Objects:

lei: 100%
----2
406,96
----5
407,306
----6
408,354
----7
409,413
----6
410,312
----2
411,119
----2
412,70
[2J[1;1H
FPS:1.6
Objects:

lei: 100%
----2
413,98
----5
414,311
----6
415,360
----7
416,420
----6
417,318
----2
418,121
----2
419,72
[2J[1;1H
FPS:1.5
Objects:

lei: 100%
----2
420,100
----5
421,316
----6
422,366
----7
423,427
----6
424,324
----2
425,123
----2
426,74
[2J[1;1H
FPS:1.5
Objects:

lei: 100%
----2
427,102
----5
428,321
----6
429,372
----7
430,434
----5
431,329
----2
432,125
----2
433,76
[2J[1;1H
FPS:1.4
Objects:

lei: 100%
----2
434,104
----5
435,326
----6
436,378
----7
437,441
----5
438,334
----2
439,127
----2
440,78
[2J[1;1H
FPS:1.4
Objects:

lei: 100%
----2
441,106
----5
442,331
----6
443,384
----7
444,448
----5
445,339
----2
446,129
----2
447,80
[2J[1;1H
FPS:0.8
Objects:

lei: 100%
----2
448,108
----5
449,336
----6
450,390
----7
451,455
----6
452,345
----2
453,131
----2
454,82
[2J[1;1H
FPS:0.7
Objects:

lei: 100%
----2
455,110
----5
456,341
----6
457,396
----7
458,462
----6
459,351
----2
460,133
----2
461,84
[2J[1;1H
FPS:1.5
Objects:

lei: 100%
----2
462,112
----6
463,347
----6
464,402
----7
465,469
----6
466,357
----2
467,135
----2
468,86
[2J[1;1H
FPS:1.6
Objects:

lei: 100%
----2
469,114
----6
470,353
----6
471,408
----7
472,476
----6
473,363
----2
474,137
----1
475,87
[2J[1;1H
FPS:1.5
Objects:

lei: 100%
----2
476,116
----5
477,358
----6
478,414
----7
479,483
----6
480,369
----2
481,139
----1
482,88
[2J[1;1H
FPS:1.6
Objects:

lei: 100%
----2
483,118
----5
484,363
----6
485,420
----7
486,490
----6
487,375
----2
488,141
----2
489,90
[2J[1;1H
FPS:1.5
Objects:

lei: 100%
----1
490,119
----5
491,368
----6
492,426
----7
493,497
----6
494,381
----2
495,143
----2
496,92
[2J[1;1H
FPS:1.5
Objects:

lei: 100%
----2
497,121
----5
498,373
----6
499,432
----7
500,504
----6
501,387
----2
502,145
----2
503,94
[2J[1;1H
FPS:1.6
Objects:

lei: 100%
----2
504,123
----5
505,378
----6
506,438
----7
507,511
----6
508,393
----2
509,147
----2
510,96
[2J[1;1H
FPS:1.5
Objects:

lei: 100%
----2
511,125
----5
512,383
----6
513,444
----7
514,518
----6
515,399
----2
516,149
----2
517,98
[2J[1;1H
FPS:1.5
Objects:

lei: 100%
----2
518,127
----5
519,388
----6
520,450
----7
521,525
----6
522,405
----2
523,151
----2
524,100
[2J[1;1H
FPS:1.4
Objects:

lei: 100%
----2
525,129
----5
526,393
----6
527,456
----7
528,532
----5
529,410
----2
530,153
----1
531,101
[2J[1;1H
FPS:1.4
Objects:

lei: 100%
----2
532,131
----5
533,398
----6
534,462
----7
535,539
----5
536,415
----2
537,155
----1
538,102
[2J[1;1H
FPS:1.6
Objects:

lei: 100%
----2
539,133
----5
540,403
----6
541,468
----7
542,546
----5
543,420
----2
544,157
----1
545,103
[2J[1;1H
FPS:1.5
Objects:

lei: 99%
----2
546,135
----5
547,408
----6
548,474
----7
549,553
----6
550,426
----2
551,159
----2
552,105
[2J[1;1H
FPS:1.5
Objects:

lei: 100%
----2
553,137
----5
554,413
----6
555,480
----7
556,560
----6
557,432
----2
558,161
----2
559,107
[2J[1;1H
FPS:1.5
Objects:

lei: 100%
----2
560,139
----5
561,418
----6
562,486
----7
563,567
----6
564,438
----2
565,163
----1
566,108
[2J[1;1H
FPS:1.6
Objects:

lei: 100%
----2
567,141
----6
568,424
----6
569,492
----7
570,574
----6
571,444
----2
572,165
----2
573,110
[2J[1;1H
FPS:1.5
Objects:

lei: 100%
----2
574,143
----6
575,430
----6
576,498
----7
577,581
----6
578,450
----2
579,167
----2
580,112
[2J[1;1H
FPS:1.5
Objects:

lei: 100%
----2
581,145
----6
582,436
----6
583,504
----7
584,588
----6
585,456
----2
586,169
----2
587,114
[2J[1;1H
FPS:1.6
Objects:

lei: 67%
----2
588,147
----6
589,442
----6
590,510
----7
591,595
----6
592,462
----2
593,171
----2
594,116
[2J[1;1H
FPS:1.6
Objects:

lei: 100%
----2
595,149
----6
596,448
----6
597,516
----7
598,602
----6
599,468
----2
600,173
----2
601,118
[2J[1;1H
FPS:1.6
Objects:

lei: 100%
----2
602,151
----6
603,454
----6
604,522
----7
605,609
----6
606,474
----2
607,175
----2
608,120
[2J[1;1H
FPS:1.4
Objects:

lei: 100%
----1
609,152
----6
610,460
----6
611,528
----7
612,616
----6
613,480
----2
614,177
----2
615,122
[2J[1;1H
FPS:1.5
Objects:

lei: 100%
----2
616,154
----6
617,466
----6
618,534
----7
619,623
----6
620,486
----2
621,179
----1
622,123
[2J[1;1H
FPS:1.5
Objects:

lei: 99%
----1
623,155
----6
624,472
----6
625,540
----7
626,630
----6
627,492
----2
628,181
----2
629,125
[2J[1;1H
FPS:1.6
Objects:

lei: 98%
----2
630,157
----6
631,478
----6
632,546
----7
633,637
----6
634,498
----2
635,183
----2
636,127
[2J[1;1H
FPS:1.6
Objects:

lei: 100%
----1
637,158
----6
638,484
----6
639,552
----7
640,644
----6
641,504
----2
642,185
----2
643,129
[2J[1;1H
FPS:1.5
Objects:

lei: 100%
----1
644,159
----6
645,490
----6
646,558
----7
647,651
----6
648,510
----2
649,187
----2
650,131
[2J[1;1H
FPS:1.5
Objects:

lei: 100%
----1
651,160
----6
652,496
----6
653,564
----7
654,658
----6
655,516
----2
656,189
----1
657,132
[2J[1;1H
FPS:1.3
Objects:

lei: 100%
----2
658,162
----6
659,502
----6
660,570
----7
661,665
----6
662,522
----2
663,191
----1
664,133
[2J[1;1H
FPS:1.4
Objects:

lei: 100%
----2
665,164
----6
666,508
----6
667,576
----7
668,672
----6
669,528
----2
670,193
----1
671,134
[2J[1;1H
FPS:1.6
Objects:

lei: 100%
----1
672,165
----6
673,514
----6
674,582
----7
675,679
----6
676,534
----2
677,195
----1
678,135
[2J[1;1H
FPS:1.5
Objects:

lei: 100%
----1
679,166
----6
680,520
----6
681,588
----7
682,686
----6
683,540
----2
684,197
----1
685,136
[2J[1;1H
FPS:1.5
Objects:

lei: 100%
----1
686,167
----6
687,526
----6
688,594
----7
689,693
----6
690,546
----2
691,199
----1
692,137
[2J[1;1H
FPS:1.5
Objects:

lei: 100%
----1
693,168
----6
694,532
----6
695,600
----7
696,700
----6
697,552
----2
698,201
----1
699,138
[2J[1;1H
FPS:1.5
Objects:

lei: 100%
----1
700,169
----6
701,538
----6
702,606
----7
703,707
----6
704,558
----2
705,203
----1
706,139
[2J[1;1H
FPS:1.5
Objects:

lei: 100%
----1
707,170
----6
708,544
----6
709,612
----7
710,714
----6
711,564
----2
712,205
----1
713,140
[2J[1;1H
FPS:1.5
Objects:

lei: 100%
----2
714,172
----6
715,550
----6
716,618
----7
717,721
----6
718,570
----2
719,207
----1
720,141
[2J[1;1H
FPS:1.4
Objects:

lei: 100%
----1
721,173
----6
722,556
----6
723,624
----7
724,728
----6
725,576
----2
726,209
----1
727,142
[2J[1;1H
FPS:1.5
Objects:

lei: 100%
----2
728,175
----6
729,562
----6
730,630
----7
731,735
----6
732,582
----2
733,211
----1
734,143
[2J[1;1H
FPS:1.5
Objects:

lei: 100%
----1
735,176
----6
736,568
----6
737,636
----7
738,742
----6
739,588
----2
740,213
----1
741,144
[2J[1;1H
FPS:1.5
Objects:

lei: 100%
----2
742,178
----6
743,574
----6
744,642
----7
745,749
----6
746,594
----2
747,215
----1
748,145
[2J[1;1H
FPS:1.5
Objects:

lei: 100%
----2
749,180
----6
750,580
----6
751,648
----7
752,756
----6
753,600
----2
754,217
----1
755,146
[2J[1;1H
FPS:1.6
Objects:

lei: 100%
----2
756,182
----6
757,586
----6
758,654
----7
759,763
----6
760,606
----2
761,219
----1
762,147
[2J[1;1H
FPS:1.5
Objects:

lei: 100%
----1
763,183
----6
764,592
----6
765,660
----7
766,770
----6
767,612
----2
768,221
----1
769,148
[2J[1;1H
FPS:1.5
Objects:

lei: 100%
----2
770,185
----6
771,598
----6
772,666
----7
773,777
----6
774,618
----2
775,223
----1
776,149
[2J[1;1H
FPS:1.5
Objects:

lei: 100%
----2
777,187
----6
778,604
----6
779,672
----7
780,784
----6
781,624
----2
782,225
----1
783,150
[2J[1;1H
FPS:1.5
Objects:

lei: 100%
----2
784,189
----6
785,610
----6
786,678
----7
787,791
----6
788,630
----2
789,227
----1
790,151
[2J[1;1H
FPS:1.4
Objects:

lei: 100%
----2
791,191
----6
792,616
----6
793,684
----7
794,798
----6
795,636
----2
796,229
----1
797,152
[2J[1;1H
FPS:1.6
Objects:

lei: 90%
----1
798,192
----6
799,622
----6
800,690
----7
801,805
----6
802,642
----2
803,231
----1
804,153
[2J[1;1H
FPS:1.6
Objects:

lei: 88%
----1
805,193
----6
806,628
----6
807,696
----7
808,812
----6
809,648
----2
810,233
----1
811,154
[2J[1;1H
FPS:1.5
Objects:

lei: 100%
----2
812,195
----6
813,634
----6
814,702
----7
815,819
----6
816,654
----2
817,235
----2
818,156
[2J[1;1H
FPS:1.5
Objects:

lei: 100%
----2
819,197
----6
820,640
----6
821,708
----7
822,826
----6
823,660
----2
824,237
----2
825,158
[2J[1;1H
FPS:1.6
Objects:

lei: 100%
----2
826,199
----6
827,646
----6
828,714
----7
829,833
----6
830,666
----2
831,239
----2
832,160
[2J[1;1H
FPS:1.5
Objects:

lei: 100%
----1
833,200
----6
834,652
----6
835,720
----7
836,840
----6
837,672
----2
838,241
----1
839,161
[2J[1;1H
FPS:1.6
Objects:

lei: 100%
----1
840,201
----6
841,658
----6
842,726
----7
843,847
----6
844,678
----2
845,243
----1
846,162
[2J[1;1H
FPS:1.5
Objects:

lei: 100%
----2
847,203
----6
848,664
----6
849,732
----7
850,854
----5
851,683
----2
852,245
----1
853,163
[2J[1;1H
FPS:1.6
Objects:

lei: 100%
----1
854,204
----5
855,669
----6
856,738
----7
857,861
----5
858,688
----2
859,247
----1
860,164
[2J[1;1H
FPS:1.6
Objects:

lei: 100%
----2
861,206
----5
862,674
----6
863,744
----7
864,868
----6
865,694
----2
866,249
----2
867,166
[2J[1;1H
FPS:1.5
Objects:

lei: 100%
----1
868,207
----5
869,679
----6
870,750
----7
871,875
----6
872,700
----2
873,251
----2
874,168
[2J[1;1H
FPS:1.4
Objects:

lei: 100%
----2
875,209
----5
876,684
----6
877,756
----7
878,882
----6
879,706
----2
880,253
----2
881,170
[2J[1;1H
FPS:1.6
Objects:

lei: 100%
----1
882,210
----5
883,689
----6
884,762
----7
885,889
----6
886,712
----2
887,255
----1
888,171
[2J[1;1H
FPS:1.6
Objects:

lei: 100%
----2
889,212
----5
890,694
----6
891,768
----7
892,896
----6
893,718
----2
894,257
----1
895,172
[2J[1;1H
FPS:1.6
Objects:

lei: 100%
----2
896,214
----5
897,699
----6
898,774
----7
899,903
----6
900,724
----2
901,259
----1
902,173
[2J[1;1H
FPS:1.5
Objects:

lei: 100%
----2
903,216
----5
904,704
----6
905,780
----7
906,910
----6
907,730
----2
908,261
----1
909,174
[2J[1;1H
FPS:1.5
Objects:

lei: 100%
----1
910,217
----5
911,709
----6
912,786
----7
913,917
----6
914,736
----2
915,263
----1
916,175
[2J[1;1H
FPS:1.4
Objects:

lei: 100%
----2
917,219
----5
918,714
----6
919,792
----7
920,924
----6
921,742
----2
922,265
----1
923,176
[2J[1;1H
FPS:1.4
Objects:

lei: 100%
----2
924,221
----5
925,719
----6
926,798
----7
927,931
----6
928,748
----2
929,267
----1
930,177
[2J[1;1H
FPS:1.5
Objects:

lei: 100%
----2
931,223
----5
932,724
----6
933,804
----7
934,938
----6
935,754
----2
936,269
----1
937,178
[2J[1;1H
FPS:1.6
Objects:

lei: 100%
----1
938,224
----5
939,729
----6
940,810
----7
941,945
----6
942,760
----2
943,271
----1
944,179
[2J[1;1H
FPS:1.5
Objects:

lei: 100%
----1
945,225
----5
946,734
----6
947,816
----7
948,952
----6
949,766
----2
950,273
----1
951,180
[2J[1;1H
FPS:1.6
Objects:

lei: 100%
----2
952,227
----5
953,739
----6
954,822
----7
955,959
----6
956,772
----2
957,275
----1
958,181
[2J[1;1H
FPS:1.5
Objects:

lei: 100%
----2
959,229
----5
960,744
----6
961,828
----7
962,966
----6
963,778
----2
964,277
----1
965,182
[2J[1;1H
FPS:1.6
Objects:

lei: 100%
----2
966,231
----5
967,749
----6
968,834
----7
969,973
----6
970,784
----2
971,279
----1
972,183
[2J[1;1H
FPS:1.5
Objects:

lei: 100%
----2
973,233
----5
974,754
----6
975,840
----7
976,980
----6
977,790
----2
978,281
----1
979,184
[2J[1;1H
FPS:1.5
Objects:

lei: 100%
----2
980,235
----5
981,759
----6
982,846
----7
983,987
----6
984,796
----2
985,283
----1
986,185
[2J[1;1H
FPS:1.5
Objects:

lei: 100%
----2
987,237
----5
988,764
----6
989,852
----7
990,994
----6
991,802
----2
992,285
----1
993,186
[2J[1;1H
FPS:1.5
Objects:

lei: 100%
----2
994,239
----5
995,769
----6
996,858
----7
997,1001
----6
998,808
----2
999,287
----1
1000,187
[2J[1;1H
FPS:1.5
Objects:

lei: 100%
----2
1001,241
----5
1002,774
----6
1003,864
----7
1004,1008
----6
1005,814
----2
1006,289
----1
1007,188
[2J[1;1H
FPS:1.5
Objects:

lei: 100%
----2
1008,243
----5
1009,779
----6
1010,870
----7
1011,1015
----6
1012,820
----2
1013,291
----1
1014,189
[2J[1;1H
FPS:1.5
Objects:

lei: 100%
----2
1015,245
----5
1016,784
----6
1017,876
----7
1018,1022
----6
1019,826
----2
1020,293
----1
1021,190
[2J[1;1H
FPS:1.5
Objects:

lei: 100%
----1
1022,246
----5
1023,789
----6
1024,882
----7
1025,1029
----6
1026,832
----2
1027,295
----1
1028,191
[2J[1;1H
FPS:1.6
Objects:

lei: 100%
----1
1029,247
----5
1030,794
----6
1031,888
----7
1032,1036
----6
1033,838
----2
1034,297
----1
1035,192
[2J[1;1H
FPS:1.6
Objects:

lei: 100%
----1
1036,248
----5
1037,799
----6
1038,894
----7
1039,1043
----6
1040,844
----2
1041,299
----1
1042,193
[2J[1;1H
FPS:1.4
Objects:

lei: 100%
----2
1043,250
----5
1044,804
----6
1045,900
----7
1046,1050
----6
1047,850
----2
1048,301
----1
1049,194
[2J[1;1H
FPS:1.5
Objects:

lei: 100%
----2
1050,252
----5
1051,809
----6
1052,906
----7
1053,1057
----6
1054,856
----2
1055,303
----1
1056,195
[2J[1;1H
FPS:1.4
Objects:

lei: 100%
----2
1057,254
----5
1058,814
----6
1059,912
----7
1060,1064
----6
1061,862
----2
1062,305
----1
1063,196
[2J[1;1H
FPS:1.5
Objects:

lei: 100%
----2
1064,256
----5
1065,819
----6
1066,918
----7
1067,1071
----6
1068,868
----2
1069,307
----1
1070,197
[2J[1;1H
FPS:1.6
Objects:

lei: 100%
----2
1071,258
----5
1072,824
----6
1073,924
----7
1074,1078
----6
1075,874
----2
1076,309
----1
1077,198
[2J[1;1H
FPS:1.5
Objects:

lei: 99%
----2
1078,260
----5
1079,829
----6
1080,930
----7
1081,1085
----6
1082,880
----2
1083,311
----1
1084,199
[2J[1;1H
FPS:1.5
Objects:

lei: 100%
----2
1085,262
----5
1086,834
----6
1087,936
----7
1088,1092
----6
1089,886
----2
1090,313
----1
1091,200
[2J[1;1H
FPS:1.5
Objects:

lei: 100%
----2
1092,264
----5
1093,839
----6
1094,942
----7
1095,1099
----6
1096,892
----2
1097,315
----1
1098,201
[2J[1;1H
FPS:1.6
Objects:

lei: 100%
----2
1099,266
----5
1100,844
----6
1101,948
----7
1102,1106
----6
1103,898
----2
1104,317
----1
1105,202
[2J[1;1H
FPS:1.6
Objects:

lei: 100%
----2
1106,268
----5
1107,849
----6
1108,954
----7
1109,1113
----6
1110,904
----2
1111,319
----2
1112,204
[2J[1;1H
FPS:1.5
Objects:

lei: 100%
----2
1113,270
----5
1114,854
----6
1115,960
----7
1116,1120
----6
1117,910
----2
1118,321
----1
1119,205
[2J[1;1H
FPS:1.6
Objects:

lei: 67%
----2
1120,272
----6
1121,860
----6
1122,966
----7
1123,1127
----6
1124,916
----2
1125,323
----2
1126,207
[2J[1;1H
FPS:1.5
Objects:

lei: 100%
----2
1127,274
----6
1128,866
----6
1129,972
----7
1130,1134
----6
1131,922
----2
1132,325
----1
1133,208
[2J[1;1H
FPS:1.5
Objects:

lei: 100%
----2
1134,276
----6
1135,872
----6
1136,978
----7
1137,1141
----6
1138,928
----2
1139,327
----2
1140,210
[2J[1;1H
FPS:1.6
Objects:

lei: 100%
----2
1141,278
----6
1142,878
----6
1143,984
----7
1144,1148
----5
1145,933
----2
1146,329
----1
1147,211
[2J[1;1H
FPS:1.6
Objects:

lei: 74%
----2
1148,280
----6
1149,884
----6
1150,990
----7
1151,1155
----6
1152,939
----2
1153,331
----2
1154,213
[2J[1;1H
FPS:1.5
Objects:

lei: 99%
----1
1155,281
----6
1156,890
----6
1157,996
----7
1158,1162
----6
1159,945
----2
1160,333
----2
1161,215
[2J[1;1H
FPS:1.6
Objects:

lei: 100%
----1
1162,282
----5
1163,895
----6
1164,1002
----7
1165,1169
----6
1166,951
----2
1167,335
----2
1168,217
[2J[1;1H
FPS:1.5
Objects:

lei: 100%
----2
1169,284
----5
1170,900
----6
1171,1008
----7
1172,1176
----5
1173,956
----2
1174,337
----1
1175,218
[2J[1;1H
FPS:1.5
Objects:

lei: 100%
----1
1176,285
----5
1177,905
----6
1178,1014
----7
1179,1183
----5
1180,961
----2
1181,339
----1
1182,219
[2J[1;1H
FPS:1.4
Objects:

lei: 83%
----2
1183,287
----5
1184,910
----6
1185,1020
----7
1186,1190
----6
1187,967
----2
1188,341
----1
1189,220
[2J[1;1H
FPS:1.4
Objects:

lei: 100%
----1
1190,288
----5
1191,915
----6
1192,1026
----7
1193,1197
----6
1194,973
----2
1195,343
----1
1196,221
[2J[1;1H
FPS:1.6
Objects:

lei: 100%
----1
1197,289
----5
1198,920
----6
1199,1032
----7
1200,1204
----6
1201,979
----2
1202,345
----1
1203,222
[2J[1;1H
FPS:1.6
Objects:

lei: 100%
----1
1204,290
----5
1205,925
----6
1206,1038
----7
1207,1211
----6
1208,985
----2
1209,347
----2
1210,224
[2J[1;1H
FPS:1.5
Objects:

lei: 100%
----1
1211,291
----5
1212,930
----6
1213,1044
----7
1214,1218
----6
1215,991
----2
1216,349
----2
1217,226
[2J[1;1H
FPS:1.6
Objects:

lei: 100%
----1
1218,292
----5
1219,935
----6
1220,1050
----7
1221,1225
----6
1222,997
----2
1223,351
----2
1224,228
[2J[1;1H
FPS:1.3
Objects:

lei: 100%
----1
1225,293
----5
1226,940
----6
1227,1056
----7
1228,1232
----6
1229,1003
----2
1230,353
----1
1231,229
[2J[1;1H
FPS:0.9
Objects:

lei: 100%
----1
1232,294
----5
1233,945
----6
1234,1062
----7
1235,1239
----6
1236,1009
----2
1237,355
----1
1238,230
[2J[1;1H
FPS:1.3
Objects:

lei: 100%
----1
1239,295
----5
1240,950
----6
1241,1068
----7
1242,1246
----6
1243,1015
----2
1244,357
----1
1245,231
[2J[1;1H
FPS:1.1
Objects:

lei: 100%
----1
1246,296
----5
1247,955
----6
1248,1074
----7
1249,1253
----6
1250,1021
----2
1251,359
----1
1252,232
[2J[1;1H
FPS:1.2
Objects:

lei: 100%
----1
1253,297
----5
1254,960
----6
1255,1080
----7
1256,1260
----6
1257,1027
----2
1258,361
----1
1259,233
[2J[1;1H
FPS:1.1
Objects:

lei: 100%
----1
1260,298
----6
1261,966
----6
1262,1086
----7
1263,1267
----6
1264,1033
----2
1265,363
----1
1266,234
[2J[1;1H
FPS:1.1
Objects:

lei: 100%
----2
1267,300
----6
1268,972
----6
1269,1092
----7
1270,1274
----6
1271,1039
----2
1272,365
----1
1273,235
[2J[1;1H
FPS:1.0
Objects:

lei: 68%
----2
1274,302
----6
1275,978
----6
1276,1098
----7
1277,1281
----6
1278,1045
----2
1279,367
----1
1280,236
[2J[1;1H
FPS:1.1
Objects:

lei: 100%
----2
1281,304
----5
1282,983
----6
1283,1104
----7
1284,1288
----6
1285,1051
----2
1286,369
----2
1287,238
[2J[1;1H
FPS:1.2
Objects:

lei: 100%
----2
1288,306
----6
1289,989
----6
1290,1110
----7
1291,1295
----6
1292,1057
----2
1293,371
----1
1294,239
[2J[1;1H
FPS:1.2
Objects:

lei: 100%
----2
1295,308
----6
1296,995
----6
1297,1116
----7
1298,1302
----6
1299,1063
----2
1300,373
----1
1301,240
[2J[1;1H
FPS:1.2
Objects:

lei: 67%
----1
1302,309
----6
1303,1001
----6
1304,1122
----7
1305,1309
----6
1306,1069
----2
1307,375
----1
1308,241
[2J[1;1H
FPS:1.1
Objects:

lei: 100%
----2
1309,311
----6
1310,1007
----6
1311,1128
----7
1312,1316
----6
1313,1075
----2
1314,377
----1
1315,242
[2J[1;1H
FPS:1.1
Objects:

lei: 100%
----2
1316,313
----6
1317,1013
----6
1318,1134
----7
1319,1323
----6
1320,1081
----2
1321,379
----1
1322,243
[2J[1;1H
FPS:1.1
Objects:

lei: 67%
----2
1323,315
----6
1324,1019
----6
1325,1140
----7
1326,1330
----6
1327,1087
----2
1328,381
----2
1329,245
[2J[1;1H
FPS:1.2
Objects:

lei: 100%
----2
1330,317
----6
1331,1025
----6
1332,1146
----7
1333,1337
----6
1334,1093
----2
1335,383
----1
1336,246
[2J[1;1H
FPS:1.2
Objects:

lei: 94%
----2
1337,319
----6
1338,1031
----6
1339,1152
----7
1340,1344
----6
1341,1099
----2
1342,385
----1
1343,247
[2J[1;1H
FPS:1.1
Objects:

lei: 94%
----2
1344,321
----6
1345,1037
----6
1346,1158
----7
1347,1351
----6
1348,1105
----2
1349,387
----1
1350,248
[2J[1;1H
FPS:1.2
Objects:

lei: 100%
----2
1351,323
----6
1352,1043
----6
1353,1164
----7
1354,1358
----6
1355,1111
----2
1356,389
----1
1357,249
[2J[1;1H
FPS:1.2
Objects:

lei: 81%
----2
1358,325
----5
1359,1048
----6
1360,1170
----7
1361,1365
----6
1362,1117
----2
1363,391
----1
1364,250
[2J[1;1H
FPS:1.2
Objects:

lei: 89%
----2
1365,327
----6
1366,1054
----6
1367,1176
----7
1368,1372
----6
1369,1123
----2
1370,393
----1
1371,251
[2J[1;1H
FPS:1.1
Objects:

lei: 100%
----2
1372,329
----6
1373,1060
----6
1374,1182
----7
1375,1379
----6
1376,1129
----2
1377,395
----2
1378,253
[2J[1;1H
FPS:1.2
Objects:

lei: 100%
----2
1379,331
----6
1380,1066
----6
1381,1188
----7
1382,1386
----6
1383,1135
----2
1384,397
----1
1385,254
[2J[1;1H
FPS:1.2
Objects:

lei: 100%
----2
1386,333
----6
1387,1072
----6
1388,1194
----7
1389,1393
----6
1390,1141
----2
1391,399
----1
1392,255
[2J[1;1H
FPS:1.2
Objects:

lei: 95%
----2
1393,335
----6
1394,1078
----6
1395,1200
----7
1396,1400
----6
1397,1147
----2
1398,401
----1
1399,256
[2J[1;1H
FPS:1.2
Objects:

lei: 100%
----2
1400,337
----6
1401,1084
----6
1402,1206
----7
1403,1407
----6
1404,1153
----2
1405,403
----1
1406,257
[2J[1;1H
FPS:1.1
Objects:

lei: 100%
----2
1407,339
----6
1408,1090
----6
1409,1212
----7
1410,1414
----6
1411,1159
----2
1412,405
----1
1413,258
[2J[1;1H
FPS:1.2
Objects:

lei: 100%
----2
1414,341
----6
1415,1096
----6
1416,1218
----7
1417,1421
----6
1418,1165
----2
1419,407
----1
1420,259
[2J[1;1H
FPS:1.2
Objects:

lei: 100%
----2
1421,343
----6
1422,1102
----6
1423,1224
----7
1424,1428
----6
1425,1171
----2
1426,409
----1
1427,260
[2J[1;1H
FPS:1.1
Objects:

lei: 100%
----2
1428,345
----6
1429,1108
----6
1430,1230
----7
1431,1435
----6
1432,1177
----2
1433,411
----1
1434,261
[2J[1;1H
FPS:1.1
Objects:

lei: 100%
----2
1435,347
----6
1436,1114
----6
1437,1236
----7
1438,1442
----6
1439,1183
----2
1440,413
----1
1441,262
[2J[1;1H
FPS:1.1
Objects:

lei: 100%
----2
1442,349
----6
1443,1120
----6
1444,1242
----7
1445,1449
----6
1446,1189
----2
1447,415
----1
1448,263
[2J[1;1H
FPS:1.2
Objects:

lei: 100%
----2
1449,351
----6
1450,1126
----6
1451,1248
----7
1452,1456
----6
1453,1195
----2
1454,417
----2
1455,265
[2J[1;1H
FPS:1.2
Objects:

lei: 100%
----2
1456,353
----6
1457,1132
----6
1458,1254
----7
1459,1463
----6
1460,1201
----2
1461,419
----1
1462,266
[2J[1;1H
FPS:1.2
Objects:

lei: 100%
----2
1463,355
----6
1464,1138
----6
1465,1260
----7
1466,1470
----6
1467,1207
----2
1468,421
----1
1469,267
[2J[1;1H
FPS:1.1
Objects:

lei: 100%
----2
1470,357
----6
1471,1144
----6
1472,1266
----7
1473,1477
----6
1474,1213
----2
1475,423
----1
1476,268
[2J[1;1H
FPS:1.2
Objects:

lei: 100%
----2
1477,359
----5
1478,1149
----6
1479,1272
----7
1480,1484
----6
1481,1219
----2
1482,425
----1
1483,269
[2J[1;1H
FPS:1.2
Objects:

lei: 100%
----2
1484,361
----5
1485,1154
----6
1486,1278
----7
1487,1491
----6
1488,1225
----2
1489,427
----1
1490,270
[2J[1;1H
FPS:1.2
Objects:

lei: 100%
----2
1491,363
----6
1492,1160
----6
1493,1284
----7
1494,1498
----6
1495,1231
----2
1496,429
----1
1497,271
[2J[1;1H
FPS:1.2
Objects:

lei: 100%
----2
1498,365
----5
1499,1165
----6
1500,1290
----7
1501,1505
----6
1502,1237
----2
1503,431
----2
1504,273
[2J[1;1H
FPS:1.1
Objects:

lei: 100%
----2
1505,367
----6
1506,1171
----6
1507,1296
----7
1508,1512
----6
1509,1243
----2
1510,433
----2
1511,275
[2J[1;1H
FPS:1.1
Objects:

lei: 100%
----2
1512,369
----5
1513,1176
----6
1514,1302
----7
1515,1519
----6
1516,1249
----2
1517,435
----2
1518,277
[2J[1;1H
FPS:1.2
Objects:

lei: 100%
----2
1519,371
----5
1520,1181
----6
1521,1308
----7
1522,1526
----6
1523,1255
----2
1524,437
----2
1525,279
[2J[1;1H
FPS:1.1
Objects:

lei: 100%
----2
1526,373
----6
1527,1187
----6
1528,1314
----7
1529,1533
----6
1530,1261
----2
1531,439
----1
1532,280
[2J[1;1H
FPS:1.1
Objects:

lei: 100%
----2
1533,375
----5
1534,1192
----6
1535,1320
----7
1536,1540
----6
1537,1267
----2
1538,441
----1
1539,281
[2J[1;1H
FPS:1.2
Objects:

lei: 100%
----2
1540,377
----5
1541,1197
----6
1542,1326
----7
1543,1547
----6
1544,1273
----2
1545,443
----1
1546,282
[2J[1;1H
FPS:0.9
Objects:

lei: 100%
----2
1547,379
----5
1548,1202
----6
1549,1332
----7
1550,1554
----6
1551,1279
----2
1552,445
----1
1553,283
[2J[1;1H
FPS:1.2
Objects:

lei: 100%
----2
1554,381
----5
1555,1207
----6
1556,1338
----7
1557,1561
----6
1558,1285
----2
1559,447
----1
1560,284
[2J[1;1H
FPS:1.0
Objects:

lei: 100%
----2
1561,383
----5
1562,1212
----6
1563,1344
----7
1564,1568
----6
1565,1291
----2
1566,449
----1
1567,285
[2J[1;1H
FPS:1.0
Objects:

lei: 100%
----2
1568,385
----6
1569,1218
----6
1570,1350
----7
1571,1575
----6
1572,1297
----2
1573,451
----1
1574,286
[2J[1;1H
FPS:1.6
Objects:

lei: 99%
----1
1575,386
----6
1576,1224
----6
1577,1356
----7
1578,1582
----6
1579,1303
----2
1580,453
----1
1581,287
[2J[1;1H
FPS:1.5
Objects:

lei: 100%
----2
1582,388
----6
1583,1230
----6
1584,1362
----7
1585,1589
----6
1586,1309
----2
1587,455
----1
1588,288
[2J[1;1H
FPS:1.5
Objects:

lei: 100%
----2
1589,390
----6
1590,1236
----6
1591,1368
----7
1592,1596
----6
1593,1315
----2
1594,457
----1
1595,289
[2J[1;1H
FPS:1.5
Objects:

lei: 99%
----2
1596,392
----6
1597,1242
----6
1598,1374
----7
1599,1603
----6
1600,1321
----2
1601,459
----1
1602,290
[2J[1;1H
FPS:1.5
Objects:

lei: 93%
----2
1603,394
----6
1604,1248
----6
1605,1380
----7
1606,1610
----6
1607,1327
----2
1608,461
----1
1609,291
[2J[1;1H
FPS:1.5
Objects:

lei: 100%
----2
1610,396
----6
1611,1254
----6
1612,1386
----7
1613,1617
----6
1614,1333
----2
1615,463
----1
1616,292
[2J[1;1H
FPS:1.5
Objects:

lei: 99%
----2
1617,398
----6
1618,1260
----6
1619,1392
----7
1620,1624
----6
1621,1339
----2
1622,465
----1
1623,293
[2J[1;1H
FPS:1.5
Objects:

lei: 99%
----2
1624,400
----5
1625,1265
----6
1626,1398
----7
1627,1631
----6
1628,1345
----2
1629,467
----1
1630,294
[2J[1;1H
FPS:1.5
Objects:

lei: 100%
----2
1631,402
----6
1632,1271
----6
1633,1404
----7
1634,1638
----6
1635,1351
----2
1636,469
----1
1637,295
[2J[1;1H
FPS:1.5
Objects:

lei: 100%
----2
1638,404
----5
1639,1276
----6
1640,1410
----7
1641,1645
----6
1642,1357
----2
1643,471
----1
1644,296
[2J[1;1H
FPS:1.5
Objects:

lei: 100%
----2
1645,406
----6
1646,1282
----6
1647,1416
----6
1648,1651
----6
1649,1363
----2
1650,473
----1
1651,297
[2J[1;1H
FPS:1.5
Objects:

lei: 100%
----2
1652,408
----6
1653,1288
----6
1654,1422
----7
1655,1658
----6
1656,1369
----2
1657,475
----1
1658,298
[2J[1;1H
FPS:1.4
Objects:

lei: 100%
----2
1659,410
----6
1660,1294
----6
1661,1428
----7
1662,1665
----6
1663,1375
----2
1664,477
----1
1665,299
[2J[1;1H
FPS:1.5
Objects:

lei: 100%
----2
1666,412
----6
1667,1300
----6
1668,1434
----7
1669,1672
----6
1670,1381
----2
1671,479
----1
1672,300
[2J[1;1H
FPS:1.5
Objects:

lei: 100%
----1
1673,413
----6
1674,1306
----6
1675,1440
----7
1676,1679
----6
1677,1387
----2
1678,481
----2
1679,302
[2J[1;1H
FPS:1.6
Objects:

lei: 100%
----2
1680,415
----5
1681,1311
----6
1682,1446
----7
1683,1686
----6
1684,1393
----2
1685,483
----2
1686,304
[2J[1;1H
FPS:1.3
Objects:

lei: 100%
----2
1687,417
----6
1688,1317
----6
1689,1452
----7
1690,1693
----6
1691,1399
----2
1692,485
----2
1693,306
[2J[1;1H
FPS:1.2
Objects:

lei: 100%
----2
1694,419
----6
1695,1323
----6
1696,1458
----7
1697,1700
----6
1698,1405
----2
1699,487
----2
1700,308
[2J[1;1H
FPS:1.3
Objects:

lei: 100%
----2
1701,421
----6
1702,1329
----6
1703,1464
----7
1704,1707
----6
1705,1411
----2
1706,489
----1
1707,309
[2J[1;1H
FPS:1.4
Objects:

lei: 100%
----2
1708,423
----6
1709,1335
----6
1710,1470
----7
1711,1714
----6
1712,1417
----2
1713,491
----1
1714,310
[2J[1;1H
FPS:1.5
Objects:

lei: 98%
----2
1715,425
----6
1716,1341
----6
1717,1476
----7
1718,1721
----6
1719,1423
----2
1720,493
----2
1721,312
[2J[1;1H
FPS:1.2
Objects:

lei: 99%
----2
1722,427
----6
1723,1347
----6
1724,1482
----6
1725,1727
----6
1726,1429
----2
1727,495
----2
1728,314
[2J[1;1H
FPS:1.5
Objects:

lei: 100%
----2
1729,429
----6
1730,1353
----6
1731,1488
----7
1732,1734
----6
1733,1435
----2
1734,497
----2
1735,316
[2J[1;1H
FPS:1.5
Objects:

lei: 100%
----2
1736,431
----6
1737,1359
----6
1738,1494
----7
1739,1741
----6
1740,1441
----2
1741,499
----2
1742,318
[2J[1;1H
FPS:1.3
Objects:

lei: 100%
----2
1743,433
----6
1744,1365
----6
1745,1500
----7
1746,1748
----6
1747,1447
----2
1748,501
----1
1749,319
[2J[1;1H
FPS:1.3
Objects:

lei: 100%
----2
1750,435
----6
1751,1371
----6
1752,1506
----6
1753,1754
----6
1754,1453
----2
1755,503
----1
1756,320
[2J[1;1H
FPS:1.1
Objects:

lei: 98%
----2
1757,437
----5
1758,1376
----6
1759,1512
----7
1760,1761
----6
1761,1459
----2
1762,505
----2
1763,322
[2J[1;1H
FPS:1.2
Objects:

lei: 98%
----2
1764,439
----6
1765,1382
----6
1766,1518
----7
1767,1768
----6
1768,1465
----2
1769,507
----2
1770,324
[2J[1;1H
FPS:1.0
Objects:

lei: 99%
----1
1771,440
----5
1772,1387
----6
1773,1524
----7
1774,1775
----6
1775,1471
----2
1776,509
----2
1777,326
[2J[1;1H
FPS:1.0
Objects:

lei: 100%
----2
1778,442
----6
1779,1393
----6
1780,1530
----7
1781,1782
----6
1782,1477
----2
1783,511
----2
1784,328
[2J[1;1H
FPS:0.8
Objects:

lei: 100%
----1
1785,443
----5
1786,1398
----6
1787,1536
----7
1788,1789
----6
1789,1483
----2
1790,513
----1
1791,329
[2J[1;1H
FPS:1.1
Objects:

lei: 100%
----2
1792,445
----5
1793,1403
----6
1794,1542
----7
1795,1796
----6
1796,1489
----2
1797,515
----1
1798,330
[2J[1;1H
FPS:0.8
Objects:

lei: 100%
----2
1799,447
----5
1800,1408
----6
1801,1548
----7
1802,1803
----6
1803,1495
----2
1804,517
----2
1805,332
[2J[1;1H
FPS:1.5
Objects:

lei: 100%
----1
1806,448
----5
1807,1413
----6
1808,1554
----7
1809,1810
----6
1810,1501
----2
1811,519
----2
1812,334
[2J[1;1H
FPS:1.1
Objects:

lei: 100%
----2
1813,450
----6
1814,1419
----6
1815,1560
----7
1816,1817
----6
1817,1507
----2
1818,521
----2
1819,336
[2J[1;1H
FPS:0.9
Objects:

lei: 100%
----2
1820,452
----6
1821,1425
----6
1822,1566
----7
1823,1824
----6
1824,1513
----2
1825,523
----1
1826,337
[2J[1;1H
FPS:1.6
Objects:

lei: 100%
----2
1827,454
----6
1828,1431
----6
1829,1572
----7
1830,1831
----6
1831,1519
----2
1832,525
----2
1833,339
[2J[1;1H
FPS:1.4
Objects:

lei: 100%
----2
1834,456
----6
1835,1437
----6
1836,1578
----7
1837,1838
----6
1838,1525
----2
1839,527
----2
1840,341
[2J[1;1H
FPS:1.2
Objects:

lei: 100%
